CRITICAL - 2020-10-30 07:35:08 --> Access level to App\Models\Model_user::$builder must be protected (as in class App\Models\BaseModel) or weaker
#0 [internal function]: CodeIgniter\Debug\Exceptions->shutdownHandler()
#1 {main}
CRITICAL - 2020-10-30 07:35:15 --> Access level to App\Models\Model_user::$builder must be protected (as in class App\Models\BaseModel) or weaker
#0 [internal function]: CodeIgniter\Debug\Exceptions->shutdownHandler()
#1 {main}
CRITICAL - 2020-10-30 07:36:01 --> Call to a member function table() on null
#0 C:\xampp\htdocs\tugasphp\system\Database\ModelFactory.php(109): App\Models\Model_user->__construct(NULL)
#1 C:\xampp\htdocs\tugasphp\system\Database\ModelFactory.php(40): CodeIgniter\Database\ModelFactory::createClass('App\\Models\\Mode...', NULL)
#2 C:\xampp\htdocs\tugasphp\system\Common.php(774): CodeIgniter\Database\ModelFactory::get('Model_user', true, NULL)
#3 C:\xampp\htdocs\tugasphp\app\Controllers\Home.php(7): model('Model_user')
#4 C:\xampp\htdocs\tugasphp\system\CodeIgniter.php(918): App\Controllers\Home->index()
#5 C:\xampp\htdocs\tugasphp\system\CodeIgniter.php(404): CodeIgniter\CodeIgniter->runController(Object(App\Controllers\Home))
#6 C:\xampp\htdocs\tugasphp\system\CodeIgniter.php(312): CodeIgniter\CodeIgniter->handleRequest(NULL, Object(Config\Cache), false)
#7 C:\xampp\htdocs\tugasphp\public\index.php(45): CodeIgniter\CodeIgniter->run()
#8 C:\xampp\htdocs\tugasphp\system\Commands\Server\rewrite.php(34): require_once('C:\\xampp\\htdocs...')
#9 {main}
CRITICAL - 2020-10-30 07:36:07 --> Call to a member function table() on null
#0 C:\xampp\htdocs\tugasphp\system\Database\ModelFactory.php(109): App\Models\Model_user->__construct(NULL)
#1 C:\xampp\htdocs\tugasphp\system\Database\ModelFactory.php(40): CodeIgniter\Database\ModelFactory::createClass('App\\Models\\Mode...', NULL)
#2 C:\xampp\htdocs\tugasphp\system\Common.php(774): CodeIgniter\Database\ModelFactory::get('Model_user', true, NULL)
#3 C:\xampp\htdocs\tugasphp\app\Controllers\Home.php(7): model('Model_user')
#4 C:\xampp\htdocs\tugasphp\system\CodeIgniter.php(918): App\Controllers\Home->index()
#5 C:\xampp\htdocs\tugasphp\system\CodeIgniter.php(404): CodeIgniter\CodeIgniter->runController(Object(App\Controllers\Home))
#6 C:\xampp\htdocs\tugasphp\system\CodeIgniter.php(312): CodeIgniter\CodeIgniter->handleRequest(NULL, Object(Config\Cache), false)
#7 C:\xampp\htdocs\tugasphp\public\index.php(45): CodeIgniter\CodeIgniter->run()
#8 C:\xampp\htdocs\tugasphp\system\Commands\Server\rewrite.php(34): require_once('C:\\xampp\\htdocs...')
#9 {main}
CRITICAL - 2020-10-30 07:36:09 --> Call to a member function table() on null
#0 C:\xampp\htdocs\tugasphp\system\Database\ModelFactory.php(109): App\Models\Model_user->__construct(NULL)
#1 C:\xampp\htdocs\tugasphp\system\Database\ModelFactory.php(40): CodeIgniter\Database\ModelFactory::createClass('App\\Models\\Mode...', NULL)
#2 C:\xampp\htdocs\tugasphp\system\Common.php(774): CodeIgniter\Database\ModelFactory::get('Model_user', true, NULL)
#3 C:\xampp\htdocs\tugasphp\app\Controllers\Home.php(7): model('Model_user')
#4 C:\xampp\htdocs\tugasphp\system\CodeIgniter.php(918): App\Controllers\Home->index()
#5 C:\xampp\htdocs\tugasphp\system\CodeIgniter.php(404): CodeIgniter\CodeIgniter->runController(Object(App\Controllers\Home))
#6 C:\xampp\htdocs\tugasphp\system\CodeIgniter.php(312): CodeIgniter\CodeIgniter->handleRequest(NULL, Object(Config\Cache), false)
#7 C:\xampp\htdocs\tugasphp\public\index.php(45): CodeIgniter\CodeIgniter->run()
#8 C:\xampp\htdocs\tugasphp\system\Commands\Server\rewrite.php(34): require_once('C:\\xampp\\htdocs...')
#9 {main}
CRITICAL - 2020-10-30 07:43:30 --> Call to a member function table() on null
#0 C:\xampp\htdocs\tugasphp\system\Database\ModelFactory.php(109): App\Models\Model_user->__construct(NULL)
#1 C:\xampp\htdocs\tugasphp\system\Database\ModelFactory.php(40): CodeIgniter\Database\ModelFactory::createClass('App\\Models\\Mode...', NULL)
#2 C:\xampp\htdocs\tugasphp\system\Common.php(774): CodeIgniter\Database\ModelFactory::get('Model_user', true, NULL)
#3 C:\xampp\htdocs\tugasphp\app\Controllers\Home.php(7): model('Model_user')
#4 C:\xampp\htdocs\tugasphp\system\CodeIgniter.php(918): App\Controllers\Home->index()
#5 C:\xampp\htdocs\tugasphp\system\CodeIgniter.php(404): CodeIgniter\CodeIgniter->runController(Object(App\Controllers\Home))
#6 C:\xampp\htdocs\tugasphp\system\CodeIgniter.php(312): CodeIgniter\CodeIgniter->handleRequest(NULL, Object(Config\Cache), false)
#7 C:\xampp\htdocs\tugasphp\public\index.php(45): CodeIgniter\CodeIgniter->run()
#8 C:\xampp\htdocs\tugasphp\system\Commands\Server\rewrite.php(34): require_once('C:\\xampp\\htdocs...')
#9 {main}
CRITICAL - 2020-10-30 08:08:01 --> Call to undefined method App\Models\ModelUser::getUserData
#0 C:\xampp\htdocs\tugasphp\app\Controllers\Home.php(8): CodeIgniter\Model->__call('getUserData', Array)
#1 C:\xampp\htdocs\tugasphp\system\CodeIgniter.php(918): App\Controllers\Home->index()
#2 C:\xampp\htdocs\tugasphp\system\CodeIgniter.php(404): CodeIgniter\CodeIgniter->runController(Object(App\Controllers\Home))
#3 C:\xampp\htdocs\tugasphp\system\CodeIgniter.php(312): CodeIgniter\CodeIgniter->handleRequest(NULL, Object(Config\Cache), false)
#4 C:\xampp\htdocs\tugasphp\public\index.php(45): CodeIgniter\CodeIgniter->run()
#5 C:\xampp\htdocs\tugasphp\system\Commands\Server\rewrite.php(34): require_once('C:\\xampp\\htdocs...')
#6 {main}
CRITICAL - 2020-10-30 08:08:23 --> Call to undefined method App\Models\ModelUser::getUserData
#0 C:\xampp\htdocs\tugasphp\app\Controllers\Home.php(8): CodeIgniter\Model->__call('getUserData', Array)
#1 C:\xampp\htdocs\tugasphp\system\CodeIgniter.php(918): App\Controllers\Home->index()
#2 C:\xampp\htdocs\tugasphp\system\CodeIgniter.php(404): CodeIgniter\CodeIgniter->runController(Object(App\Controllers\Home))
#3 C:\xampp\htdocs\tugasphp\system\CodeIgniter.php(312): CodeIgniter\CodeIgniter->handleRequest(NULL, Object(Config\Cache), false)
#4 C:\xampp\htdocs\tugasphp\public\index.php(45): CodeIgniter\CodeIgniter->run()
#5 C:\xampp\htdocs\tugasphp\system\Commands\Server\rewrite.php(34): require_once('C:\\xampp\\htdocs...')
#6 {main}
CRITICAL - 2020-10-30 08:08:42 --> Call to undefined method App\Models\ModelUser::getUserData
#0 C:\xampp\htdocs\tugasphp\app\Controllers\Home.php(8): CodeIgniter\Model->__call('getUserData', Array)
#1 C:\xampp\htdocs\tugasphp\system\CodeIgniter.php(918): App\Controllers\Home->index()
#2 C:\xampp\htdocs\tugasphp\system\CodeIgniter.php(404): CodeIgniter\CodeIgniter->runController(Object(App\Controllers\Home))
#3 C:\xampp\htdocs\tugasphp\system\CodeIgniter.php(312): CodeIgniter\CodeIgniter->handleRequest(NULL, Object(Config\Cache), false)
#4 C:\xampp\htdocs\tugasphp\public\index.php(45): CodeIgniter\CodeIgniter->run()
#5 C:\xampp\htdocs\tugasphp\system\Commands\Server\rewrite.php(34): require_once('C:\\xampp\\htdocs...')
#6 {main}
CRITICAL - 2020-10-30 08:08:50 --> Call to undefined method App\Models\ModelUser::getUserData
#0 C:\xampp\htdocs\tugasphp\app\Controllers\Home.php(8): CodeIgniter\Model->__call('getUserData', Array)
#1 C:\xampp\htdocs\tugasphp\system\CodeIgniter.php(918): App\Controllers\Home->index()
#2 C:\xampp\htdocs\tugasphp\system\CodeIgniter.php(404): CodeIgniter\CodeIgniter->runController(Object(App\Controllers\Home))
#3 C:\xampp\htdocs\tugasphp\system\CodeIgniter.php(312): CodeIgniter\CodeIgniter->handleRequest(NULL, Object(Config\Cache), false)
#4 C:\xampp\htdocs\tugasphp\public\index.php(45): CodeIgniter\CodeIgniter->run()
#5 C:\xampp\htdocs\tugasphp\system\Commands\Server\rewrite.php(34): require_once('C:\\xampp\\htdocs...')
#6 {main}
CRITICAL - 2020-10-30 08:09:32 --> Call to undefined method App\Models\ModelUser::getUserData
#0 C:\xampp\htdocs\tugasphp\app\Controllers\Home.php(8): CodeIgniter\Model->__call('getUserData', Array)
#1 C:\xampp\htdocs\tugasphp\system\CodeIgniter.php(918): App\Controllers\Home->index()
#2 C:\xampp\htdocs\tugasphp\system\CodeIgniter.php(404): CodeIgniter\CodeIgniter->runController(Object(App\Controllers\Home))
#3 C:\xampp\htdocs\tugasphp\system\CodeIgniter.php(312): CodeIgniter\CodeIgniter->handleRequest(NULL, Object(Config\Cache), false)
#4 C:\xampp\htdocs\tugasphp\public\index.php(45): CodeIgniter\CodeIgniter->run()
#5 C:\xampp\htdocs\tugasphp\system\Commands\Server\rewrite.php(34): require_once('C:\\xampp\\htdocs...')
#6 {main}
CRITICAL - 2020-10-30 08:15:18 --> Call to undefined method App\Models\ModelUser::insertUserData
#0 C:\xampp\htdocs\tugasphp\app\Controllers\Home.php(8): CodeIgniter\Model->__call('insertUserData', Array)
#1 C:\xampp\htdocs\tugasphp\system\CodeIgniter.php(918): App\Controllers\Home->index()
#2 C:\xampp\htdocs\tugasphp\system\CodeIgniter.php(404): CodeIgniter\CodeIgniter->runController(Object(App\Controllers\Home))
#3 C:\xampp\htdocs\tugasphp\system\CodeIgniter.php(312): CodeIgniter\CodeIgniter->handleRequest(NULL, Object(Config\Cache), false)
#4 C:\xampp\htdocs\tugasphp\public\index.php(45): CodeIgniter\CodeIgniter->run()
#5 C:\xampp\htdocs\tugasphp\system\Commands\Server\rewrite.php(34): require_once('C:\\xampp\\htdocs...')
#6 {main}
CRITICAL - 2020-10-30 08:17:31 --> Call to undefined method App\Models\ModelUser::insertUserData
#0 C:\xampp\htdocs\tugasphp\app\Controllers\Home.php(8): CodeIgniter\Model->__call('insertUserData', Array)
#1 C:\xampp\htdocs\tugasphp\system\CodeIgniter.php(918): App\Controllers\Home->index()
#2 C:\xampp\htdocs\tugasphp\system\CodeIgniter.php(404): CodeIgniter\CodeIgniter->runController(Object(App\Controllers\Home))
#3 C:\xampp\htdocs\tugasphp\system\CodeIgniter.php(312): CodeIgniter\CodeIgniter->handleRequest(NULL, Object(Config\Cache), false)
#4 C:\xampp\htdocs\tugasphp\public\index.php(45): CodeIgniter\CodeIgniter->run()
#5 C:\xampp\htdocs\tugasphp\system\Commands\Server\rewrite.php(34): require_once('C:\\xampp\\htdocs...')
#6 {main}
CRITICAL - 2020-10-30 08:17:57 --> Call to undefined method App\Models\ModelUser::insertUserData
#0 C:\xampp\htdocs\tugasphp\app\Controllers\Home.php(8): CodeIgniter\Model->__call('insertUserData', Array)
#1 C:\xampp\htdocs\tugasphp\system\CodeIgniter.php(918): App\Controllers\Home->index()
#2 C:\xampp\htdocs\tugasphp\system\CodeIgniter.php(404): CodeIgniter\CodeIgniter->runController(Object(App\Controllers\Home))
#3 C:\xampp\htdocs\tugasphp\system\CodeIgniter.php(312): CodeIgniter\CodeIgniter->handleRequest(NULL, Object(Config\Cache), false)
#4 C:\xampp\htdocs\tugasphp\public\index.php(45): CodeIgniter\CodeIgniter->run()
#5 C:\xampp\htdocs\tugasphp\system\Commands\Server\rewrite.php(34): require_once('C:\\xampp\\htdocs...')
#6 {main}
CRITICAL - 2020-10-30 08:22:54 --> Call to a member function insertUserData() on null
#0 C:\xampp\htdocs\tugasphp\system\CodeIgniter.php(918): App\Controllers\Home->index()
#1 C:\xampp\htdocs\tugasphp\system\CodeIgniter.php(404): CodeIgniter\CodeIgniter->runController(Object(App\Controllers\Home))
#2 C:\xampp\htdocs\tugasphp\system\CodeIgniter.php(312): CodeIgniter\CodeIgniter->handleRequest(NULL, Object(Config\Cache), false)
#3 C:\xampp\htdocs\tugasphp\public\index.php(45): CodeIgniter\CodeIgniter->run()
#4 C:\xampp\htdocs\tugasphp\system\Commands\Server\rewrite.php(34): require_once('C:\\xampp\\htdocs...')
#5 {main}
CRITICAL - 2020-10-30 08:23:11 --> Call to a member function insertUserData() on null
#0 C:\xampp\htdocs\tugasphp\system\CodeIgniter.php(918): App\Controllers\Home->index()
#1 C:\xampp\htdocs\tugasphp\system\CodeIgniter.php(404): CodeIgniter\CodeIgniter->runController(Object(App\Controllers\Home))
#2 C:\xampp\htdocs\tugasphp\system\CodeIgniter.php(312): CodeIgniter\CodeIgniter->handleRequest(NULL, Object(Config\Cache), false)
#3 C:\xampp\htdocs\tugasphp\public\index.php(45): CodeIgniter\CodeIgniter->run()
#4 C:\xampp\htdocs\tugasphp\system\Commands\Server\rewrite.php(34): require_once('C:\\xampp\\htdocs...')
#5 {main}
CRITICAL - 2020-10-30 08:24:46 --> Call to a member function insertUserData() on null
#0 C:\xampp\htdocs\tugasphp\system\CodeIgniter.php(918): App\Controllers\Home->index()
#1 C:\xampp\htdocs\tugasphp\system\CodeIgniter.php(404): CodeIgniter\CodeIgniter->runController(Object(App\Controllers\Home))
#2 C:\xampp\htdocs\tugasphp\system\CodeIgniter.php(312): CodeIgniter\CodeIgniter->handleRequest(NULL, Object(Config\Cache), false)
#3 C:\xampp\htdocs\tugasphp\public\index.php(45): CodeIgniter\CodeIgniter->run()
#4 C:\xampp\htdocs\tugasphp\system\Commands\Server\rewrite.php(34): require_once('C:\\xampp\\htdocs...')
#5 {main}
CRITICAL - 2020-10-30 08:28:54 --> There is no data to insert.
#0 C:\xampp\htdocs\tugasphp\system\Model.php(700): CodeIgniter\Database\Exceptions\DataException::forEmptyDataset('insert')
#1 C:\xampp\htdocs\tugasphp\app\Controllers\Home.php(8): CodeIgniter\Model->insert()
#2 C:\xampp\htdocs\tugasphp\system\CodeIgniter.php(918): App\Controllers\Home->index()
#3 C:\xampp\htdocs\tugasphp\system\CodeIgniter.php(404): CodeIgniter\CodeIgniter->runController(Object(App\Controllers\Home))
#4 C:\xampp\htdocs\tugasphp\system\CodeIgniter.php(312): CodeIgniter\CodeIgniter->handleRequest(NULL, Object(Config\Cache), false)
#5 C:\xampp\htdocs\tugasphp\public\index.php(45): CodeIgniter\CodeIgniter->run()
#6 C:\xampp\htdocs\tugasphp\system\Commands\Server\rewrite.php(34): require_once('C:\\xampp\\htdocs...')
#7 {main}
CRITICAL - 2020-10-30 08:44:53 --> Too few arguments to function view(), 0 passed in C:\xampp\htdocs\tugasphp\app\Controllers\Home.php on line 22 and at least 1 expected
#0 C:\xampp\htdocs\tugasphp\app\Controllers\Home.php(22): view()
#1 C:\xampp\htdocs\tugasphp\system\CodeIgniter.php(918): App\Controllers\Home->test()
#2 C:\xampp\htdocs\tugasphp\system\CodeIgniter.php(404): CodeIgniter\CodeIgniter->runController(Object(App\Controllers\Home))
#3 C:\xampp\htdocs\tugasphp\system\CodeIgniter.php(312): CodeIgniter\CodeIgniter->handleRequest(NULL, Object(Config\Cache), false)
#4 C:\xampp\htdocs\tugasphp\public\index.php(45): CodeIgniter\CodeIgniter->run()
#5 C:\xampp\htdocs\tugasphp\system\Commands\Server\rewrite.php(34): require_once('C:\\xampp\\htdocs...')
#6 {main}
CRITICAL - 2020-10-30 09:24:57 --> Too few arguments to function App\Controllers\Home::insertUserData(), 0 passed in C:\xampp\htdocs\tugasphp\system\CodeIgniter.php on line 918 and exactly 1 expected
#0 C:\xampp\htdocs\tugasphp\system\CodeIgniter.php(918): App\Controllers\Home->insertUserData()
#1 C:\xampp\htdocs\tugasphp\system\CodeIgniter.php(404): CodeIgniter\CodeIgniter->runController(Object(App\Controllers\Home))
#2 C:\xampp\htdocs\tugasphp\system\CodeIgniter.php(312): CodeIgniter\CodeIgniter->handleRequest(NULL, Object(Config\Cache), false)
#3 C:\xampp\htdocs\tugasphp\public\index.php(45): CodeIgniter\CodeIgniter->run()
#4 C:\xampp\htdocs\tugasphp\system\Commands\Server\rewrite.php(34): require_once('C:\\xampp\\htdocs...')
#5 {main}
CRITICAL - 2020-10-30 09:25:59 --> Too few arguments to function App\Controllers\Home::insertUserData(), 0 passed in C:\xampp\htdocs\tugasphp\system\CodeIgniter.php on line 918 and exactly 1 expected
#0 C:\xampp\htdocs\tugasphp\system\CodeIgniter.php(918): App\Controllers\Home->insertUserData()
#1 C:\xampp\htdocs\tugasphp\system\CodeIgniter.php(404): CodeIgniter\CodeIgniter->runController(Object(App\Controllers\Home))
#2 C:\xampp\htdocs\tugasphp\system\CodeIgniter.php(312): CodeIgniter\CodeIgniter->handleRequest(NULL, Object(Config\Cache), false)
#3 C:\xampp\htdocs\tugasphp\public\index.php(45): CodeIgniter\CodeIgniter->run()
#4 C:\xampp\htdocs\tugasphp\system\Commands\Server\rewrite.php(34): require_once('C:\\xampp\\htdocs...')
#5 {main}
CRITICAL - 2020-10-30 09:26:32 --> Too few arguments to function App\Controllers\Home::insertUserData(), 0 passed in C:\xampp\htdocs\tugasphp\system\CodeIgniter.php on line 918 and exactly 1 expected
#0 C:\xampp\htdocs\tugasphp\system\CodeIgniter.php(918): App\Controllers\Home->insertUserData()
#1 C:\xampp\htdocs\tugasphp\system\CodeIgniter.php(404): CodeIgniter\CodeIgniter->runController(Object(App\Controllers\Home))
#2 C:\xampp\htdocs\tugasphp\system\CodeIgniter.php(312): CodeIgniter\CodeIgniter->handleRequest(NULL, Object(Config\Cache), false)
#3 C:\xampp\htdocs\tugasphp\public\index.php(45): CodeIgniter\CodeIgniter->run()
#4 C:\xampp\htdocs\tugasphp\system\Commands\Server\rewrite.php(34): require_once('C:\\xampp\\htdocs...')
#5 {main}
CRITICAL - 2020-10-30 09:26:33 --> Too few arguments to function App\Controllers\Home::insertUserData(), 0 passed in C:\xampp\htdocs\tugasphp\system\CodeIgniter.php on line 918 and exactly 1 expected
#0 C:\xampp\htdocs\tugasphp\system\CodeIgniter.php(918): App\Controllers\Home->insertUserData()
#1 C:\xampp\htdocs\tugasphp\system\CodeIgniter.php(404): CodeIgniter\CodeIgniter->runController(Object(App\Controllers\Home))
#2 C:\xampp\htdocs\tugasphp\system\CodeIgniter.php(312): CodeIgniter\CodeIgniter->handleRequest(NULL, Object(Config\Cache), false)
#3 C:\xampp\htdocs\tugasphp\public\index.php(45): CodeIgniter\CodeIgniter->run()
#4 C:\xampp\htdocs\tugasphp\system\Commands\Server\rewrite.php(34): require_once('C:\\xampp\\htdocs...')
#5 {main}
CRITICAL - 2020-10-30 09:26:38 --> Too few arguments to function App\Controllers\Home::insertUserData(), 0 passed in C:\xampp\htdocs\tugasphp\system\CodeIgniter.php on line 918 and exactly 1 expected
#0 C:\xampp\htdocs\tugasphp\system\CodeIgniter.php(918): App\Controllers\Home->insertUserData()
#1 C:\xampp\htdocs\tugasphp\system\CodeIgniter.php(404): CodeIgniter\CodeIgniter->runController(Object(App\Controllers\Home))
#2 C:\xampp\htdocs\tugasphp\system\CodeIgniter.php(312): CodeIgniter\CodeIgniter->handleRequest(NULL, Object(Config\Cache), false)
#3 C:\xampp\htdocs\tugasphp\public\index.php(45): CodeIgniter\CodeIgniter->run()
#4 C:\xampp\htdocs\tugasphp\system\Commands\Server\rewrite.php(34): require_once('C:\\xampp\\htdocs...')
#5 {main}
CRITICAL - 2020-10-30 09:29:36 --> Too few arguments to function App\Controllers\Home::insertUserData(), 0 passed in C:\xampp\htdocs\tugasphp\system\CodeIgniter.php on line 918 and exactly 1 expected
#0 C:\xampp\htdocs\tugasphp\system\CodeIgniter.php(918): App\Controllers\Home->insertUserData()
#1 C:\xampp\htdocs\tugasphp\system\CodeIgniter.php(404): CodeIgniter\CodeIgniter->runController(Object(App\Controllers\Home))
#2 C:\xampp\htdocs\tugasphp\system\CodeIgniter.php(312): CodeIgniter\CodeIgniter->handleRequest(NULL, Object(Config\Cache), false)
#3 C:\xampp\htdocs\tugasphp\public\index.php(45): CodeIgniter\CodeIgniter->run()
#4 C:\xampp\htdocs\tugasphp\system\Commands\Server\rewrite.php(34): require_once('C:\\xampp\\htdocs...')
#5 {main}
CRITICAL - 2020-10-30 09:35:39 --> Too few arguments to function App\Controllers\Home::insertUserData(), 0 passed in C:\xampp\htdocs\tugasphp\system\CodeIgniter.php on line 918 and exactly 1 expected
#0 C:\xampp\htdocs\tugasphp\system\CodeIgniter.php(918): App\Controllers\Home->insertUserData()
#1 C:\xampp\htdocs\tugasphp\system\CodeIgniter.php(404): CodeIgniter\CodeIgniter->runController(Object(App\Controllers\Home))
#2 C:\xampp\htdocs\tugasphp\system\CodeIgniter.php(312): CodeIgniter\CodeIgniter->handleRequest(NULL, Object(Config\Cache), false)
#3 C:\xampp\htdocs\tugasphp\public\index.php(45): CodeIgniter\CodeIgniter->run()
#4 C:\xampp\htdocs\tugasphp\system\Commands\Server\rewrite.php(34): require_once('C:\\xampp\\htdocs...')
#5 {main}
CRITICAL - 2020-10-30 09:35:56 --> Too few arguments to function App\Controllers\Home::insertUserData(), 0 passed in C:\xampp\htdocs\tugasphp\system\CodeIgniter.php on line 918 and exactly 1 expected
#0 C:\xampp\htdocs\tugasphp\system\CodeIgniter.php(918): App\Controllers\Home->insertUserData()
#1 C:\xampp\htdocs\tugasphp\system\CodeIgniter.php(404): CodeIgniter\CodeIgniter->runController(Object(App\Controllers\Home))
#2 C:\xampp\htdocs\tugasphp\system\CodeIgniter.php(312): CodeIgniter\CodeIgniter->handleRequest(NULL, Object(Config\Cache), false)
#3 C:\xampp\htdocs\tugasphp\public\index.php(45): CodeIgniter\CodeIgniter->run()
#4 C:\xampp\htdocs\tugasphp\system\Commands\Server\rewrite.php(34): require_once('C:\\xampp\\htdocs...')
#5 {main}
CRITICAL - 2020-10-30 09:37:14 --> Access level to App\Controllers\Home::$request must be protected (as in class App\Controllers\BaseController) or weaker
#0 [internal function]: CodeIgniter\Debug\Exceptions->shutdownHandler()
#1 {main}
CRITICAL - 2020-10-30 09:37:15 --> Access level to App\Controllers\Home::$request must be protected (as in class App\Controllers\BaseController) or weaker
#0 [internal function]: CodeIgniter\Debug\Exceptions->shutdownHandler()
#1 {main}
CRITICAL - 2020-10-30 09:37:17 --> Access level to App\Controllers\Home::$request must be protected (as in class App\Controllers\BaseController) or weaker
#0 [internal function]: CodeIgniter\Debug\Exceptions->shutdownHandler()
#1 {main}
CRITICAL - 2020-10-30 09:37:24 --> Access level to App\Controllers\Home::$request must be protected (as in class App\Controllers\BaseController) or weaker
#0 [internal function]: CodeIgniter\Debug\Exceptions->shutdownHandler()
#1 {main}
CRITICAL - 2020-10-30 09:48:52 --> Too few arguments to function App\Controllers\Home::insertUserData(), 0 passed in C:\xampp\htdocs\tugasphp\system\CodeIgniter.php on line 918 and exactly 1 expected
#0 C:\xampp\htdocs\tugasphp\system\CodeIgniter.php(918): App\Controllers\Home->insertUserData()
#1 C:\xampp\htdocs\tugasphp\system\CodeIgniter.php(404): CodeIgniter\CodeIgniter->runController(Object(App\Controllers\Home))
#2 C:\xampp\htdocs\tugasphp\system\CodeIgniter.php(312): CodeIgniter\CodeIgniter->handleRequest(NULL, Object(Config\Cache), false)
#3 C:\xampp\htdocs\tugasphp\public\index.php(45): CodeIgniter\CodeIgniter->run()
#4 C:\xampp\htdocs\tugasphp\system\Commands\Server\rewrite.php(34): require_once('C:\\xampp\\htdocs...')
#5 {main}
CRITICAL - 2020-10-30 09:48:53 --> Too few arguments to function App\Controllers\Home::insertUserData(), 0 passed in C:\xampp\htdocs\tugasphp\system\CodeIgniter.php on line 918 and exactly 1 expected
#0 C:\xampp\htdocs\tugasphp\system\CodeIgniter.php(918): App\Controllers\Home->insertUserData()
#1 C:\xampp\htdocs\tugasphp\system\CodeIgniter.php(404): CodeIgniter\CodeIgniter->runController(Object(App\Controllers\Home))
#2 C:\xampp\htdocs\tugasphp\system\CodeIgniter.php(312): CodeIgniter\CodeIgniter->handleRequest(NULL, Object(Config\Cache), false)
#3 C:\xampp\htdocs\tugasphp\public\index.php(45): CodeIgniter\CodeIgniter->run()
#4 C:\xampp\htdocs\tugasphp\system\Commands\Server\rewrite.php(34): require_once('C:\\xampp\\htdocs...')
#5 {main}
CRITICAL - 2020-10-30 09:49:03 --> Too few arguments to function App\Controllers\Home::insertUserData(), 0 passed in C:\xampp\htdocs\tugasphp\system\CodeIgniter.php on line 918 and exactly 1 expected
#0 C:\xampp\htdocs\tugasphp\system\CodeIgniter.php(918): App\Controllers\Home->insertUserData()
#1 C:\xampp\htdocs\tugasphp\system\CodeIgniter.php(404): CodeIgniter\CodeIgniter->runController(Object(App\Controllers\Home))
#2 C:\xampp\htdocs\tugasphp\system\CodeIgniter.php(312): CodeIgniter\CodeIgniter->handleRequest(NULL, Object(Config\Cache), false)
#3 C:\xampp\htdocs\tugasphp\public\index.php(45): CodeIgniter\CodeIgniter->run()
#4 C:\xampp\htdocs\tugasphp\system\Commands\Server\rewrite.php(34): require_once('C:\\xampp\\htdocs...')
#5 {main}
CRITICAL - 2020-10-30 09:50:52 --> Too few arguments to function App\Controllers\Home::insertUserData(), 0 passed in C:\xampp\htdocs\tugasphp\system\CodeIgniter.php on line 918 and exactly 1 expected
#0 C:\xampp\htdocs\tugasphp\system\CodeIgniter.php(918): App\Controllers\Home->insertUserData()
#1 C:\xampp\htdocs\tugasphp\system\CodeIgniter.php(404): CodeIgniter\CodeIgniter->runController(Object(App\Controllers\Home))
#2 C:\xampp\htdocs\tugasphp\system\CodeIgniter.php(312): CodeIgniter\CodeIgniter->handleRequest(NULL, Object(Config\Cache), false)
#3 C:\xampp\htdocs\tugasphp\public\index.php(45): CodeIgniter\CodeIgniter->run()
#4 C:\xampp\htdocs\tugasphp\system\Commands\Server\rewrite.php(34): require_once('C:\\xampp\\htdocs...')
#5 {main}
CRITICAL - 2020-10-30 09:55:02 --> Too few arguments to function App\Controllers\UserData::insert(), 0 passed in C:\xampp\htdocs\tugasphp\system\CodeIgniter.php on line 918 and exactly 1 expected
#0 C:\xampp\htdocs\tugasphp\system\CodeIgniter.php(918): App\Controllers\UserData->insert()
#1 C:\xampp\htdocs\tugasphp\system\CodeIgniter.php(404): CodeIgniter\CodeIgniter->runController(Object(App\Controllers\UserData))
#2 C:\xampp\htdocs\tugasphp\system\CodeIgniter.php(312): CodeIgniter\CodeIgniter->handleRequest(NULL, Object(Config\Cache), false)
#3 C:\xampp\htdocs\tugasphp\public\index.php(45): CodeIgniter\CodeIgniter->run()
#4 C:\xampp\htdocs\tugasphp\system\Commands\Server\rewrite.php(34): require_once('C:\\xampp\\htdocs...')
#5 {main}
CRITICAL - 2020-10-30 10:29:06 --> Call to a member function setRule() on null
#0 C:\xampp\htdocs\tugasphp\system\CodeIgniter.php(918): App\Controllers\Home->index()
#1 C:\xampp\htdocs\tugasphp\system\CodeIgniter.php(404): CodeIgniter\CodeIgniter->runController(Object(App\Controllers\Home))
#2 C:\xampp\htdocs\tugasphp\system\CodeIgniter.php(312): CodeIgniter\CodeIgniter->handleRequest(NULL, Object(Config\Cache), false)
#3 C:\xampp\htdocs\tugasphp\public\index.php(45): CodeIgniter\CodeIgniter->run()
#4 C:\xampp\htdocs\tugasphp\system\Commands\Server\rewrite.php(34): require_once('C:\\xampp\\htdocs...')
#5 {main}
CRITICAL - 2020-10-30 10:29:08 --> Call to a member function setRule() on null
#0 C:\xampp\htdocs\tugasphp\system\CodeIgniter.php(918): App\Controllers\Home->index()
#1 C:\xampp\htdocs\tugasphp\system\CodeIgniter.php(404): CodeIgniter\CodeIgniter->runController(Object(App\Controllers\Home))
#2 C:\xampp\htdocs\tugasphp\system\CodeIgniter.php(312): CodeIgniter\CodeIgniter->handleRequest(NULL, Object(Config\Cache), false)
#3 C:\xampp\htdocs\tugasphp\public\index.php(45): CodeIgniter\CodeIgniter->run()
#4 C:\xampp\htdocs\tugasphp\system\Commands\Server\rewrite.php(34): require_once('C:\\xampp\\htdocs...')
#5 {main}
CRITICAL - 2020-10-30 10:29:16 --> userdata is not a validation rules group.
#0 C:\xampp\htdocs\tugasphp\system\Validation\Validation.php(619): CodeIgniter\Validation\Exceptions\ValidationException::forGroupNotFound('userdata')
#1 C:\xampp\htdocs\tugasphp\system\Validation\Validation.php(149): CodeIgniter\Validation\Validation->loadRuleGroup('userdata')
#2 C:\xampp\htdocs\tugasphp\app\Controllers\Home.php(29): CodeIgniter\Validation\Validation->run(Array, 'userdata')
#3 C:\xampp\htdocs\tugasphp\system\CodeIgniter.php(918): App\Controllers\Home->index()
#4 C:\xampp\htdocs\tugasphp\system\CodeIgniter.php(404): CodeIgniter\CodeIgniter->runController(Object(App\Controllers\Home))
#5 C:\xampp\htdocs\tugasphp\system\CodeIgniter.php(312): CodeIgniter\CodeIgniter->handleRequest(NULL, Object(Config\Cache), false)
#6 C:\xampp\htdocs\tugasphp\public\index.php(45): CodeIgniter\CodeIgniter->run()
#7 C:\xampp\htdocs\tugasphp\system\Commands\Server\rewrite.php(34): require_once('C:\\xampp\\htdocs...')
#8 {main}
CRITICAL - 2020-10-30 10:31:58 --> count(): Parameter must be an array or an object that implements Countable
#0 C:\xampp\htdocs\tugasphp\app\Views\welcome_message.php(67): CodeIgniter\Debug\Exceptions->errorHandler(2, 'count(): Parame...', 'C:\\xampp\\htdocs...', 67, Array)
#1 C:\xampp\htdocs\tugasphp\system\View\View.php(246): include('C:\\xampp\\htdocs...')
#2 C:\xampp\htdocs\tugasphp\system\Common.php(1119): CodeIgniter\View\View->render('welcome_message', Array, true)
#3 C:\xampp\htdocs\tugasphp\app\Controllers\Home.php(23): view('welcome_message')
#4 C:\xampp\htdocs\tugasphp\system\CodeIgniter.php(918): App\Controllers\Home->index()
#5 C:\xampp\htdocs\tugasphp\system\CodeIgniter.php(404): CodeIgniter\CodeIgniter->runController(Object(App\Controllers\Home))
#6 C:\xampp\htdocs\tugasphp\system\CodeIgniter.php(312): CodeIgniter\CodeIgniter->handleRequest(NULL, Object(Config\Cache), false)
#7 C:\xampp\htdocs\tugasphp\public\index.php(45): CodeIgniter\CodeIgniter->run()
#8 C:\xampp\htdocs\tugasphp\system\Commands\Server\rewrite.php(34): require_once('C:\\xampp\\htdocs...')
#9 {main}
CRITICAL - 2020-10-30 10:32:09 --> count(): Parameter must be an array or an object that implements Countable
#0 C:\xampp\htdocs\tugasphp\app\Views\welcome_message.php(67): CodeIgniter\Debug\Exceptions->errorHandler(2, 'count(): Parame...', 'C:\\xampp\\htdocs...', 67, Array)
#1 C:\xampp\htdocs\tugasphp\system\View\View.php(246): include('C:\\xampp\\htdocs...')
#2 C:\xampp\htdocs\tugasphp\system\Common.php(1119): CodeIgniter\View\View->render('welcome_message', Array, true)
#3 C:\xampp\htdocs\tugasphp\app\Controllers\Home.php(23): view('welcome_message')
#4 C:\xampp\htdocs\tugasphp\system\CodeIgniter.php(918): App\Controllers\Home->index()
#5 C:\xampp\htdocs\tugasphp\system\CodeIgniter.php(404): CodeIgniter\CodeIgniter->runController(Object(App\Controllers\Home))
#6 C:\xampp\htdocs\tugasphp\system\CodeIgniter.php(312): CodeIgniter\CodeIgniter->handleRequest(NULL, Object(Config\Cache), false)
#7 C:\xampp\htdocs\tugasphp\public\index.php(45): CodeIgniter\CodeIgniter->run()
#8 C:\xampp\htdocs\tugasphp\system\Commands\Server\rewrite.php(34): require_once('C:\\xampp\\htdocs...')
#9 {main}
CRITICAL - 2020-10-30 10:32:37 --> count(): Parameter must be an array or an object that implements Countable
#0 C:\xampp\htdocs\tugasphp\app\Views\welcome_message.php(67): CodeIgniter\Debug\Exceptions->errorHandler(2, 'count(): Parame...', 'C:\\xampp\\htdocs...', 67, Array)
#1 C:\xampp\htdocs\tugasphp\system\View\View.php(246): include('C:\\xampp\\htdocs...')
#2 C:\xampp\htdocs\tugasphp\system\Common.php(1119): CodeIgniter\View\View->render('welcome_message', Array, true)
#3 C:\xampp\htdocs\tugasphp\app\Controllers\Home.php(15): view('welcome_message')
#4 C:\xampp\htdocs\tugasphp\system\CodeIgniter.php(918): App\Controllers\Home->index()
#5 C:\xampp\htdocs\tugasphp\system\CodeIgniter.php(404): CodeIgniter\CodeIgniter->runController(Object(App\Controllers\Home))
#6 C:\xampp\htdocs\tugasphp\system\CodeIgniter.php(312): CodeIgniter\CodeIgniter->handleRequest(NULL, Object(Config\Cache), false)
#7 C:\xampp\htdocs\tugasphp\public\index.php(45): CodeIgniter\CodeIgniter->run()
#8 C:\xampp\htdocs\tugasphp\system\Commands\Server\rewrite.php(34): require_once('C:\\xampp\\htdocs...')
#9 {main}
CRITICAL - 2020-10-30 10:32:38 --> count(): Parameter must be an array or an object that implements Countable
#0 C:\xampp\htdocs\tugasphp\app\Views\welcome_message.php(67): CodeIgniter\Debug\Exceptions->errorHandler(2, 'count(): Parame...', 'C:\\xampp\\htdocs...', 67, Array)
#1 C:\xampp\htdocs\tugasphp\system\View\View.php(246): include('C:\\xampp\\htdocs...')
#2 C:\xampp\htdocs\tugasphp\system\Common.php(1119): CodeIgniter\View\View->render('welcome_message', Array, true)
#3 C:\xampp\htdocs\tugasphp\app\Controllers\Home.php(15): view('welcome_message')
#4 C:\xampp\htdocs\tugasphp\system\CodeIgniter.php(918): App\Controllers\Home->index()
#5 C:\xampp\htdocs\tugasphp\system\CodeIgniter.php(404): CodeIgniter\CodeIgniter->runController(Object(App\Controllers\Home))
#6 C:\xampp\htdocs\tugasphp\system\CodeIgniter.php(312): CodeIgniter\CodeIgniter->handleRequest(NULL, Object(Config\Cache), false)
#7 C:\xampp\htdocs\tugasphp\public\index.php(45): CodeIgniter\CodeIgniter->run()
#8 C:\xampp\htdocs\tugasphp\system\Commands\Server\rewrite.php(34): require_once('C:\\xampp\\htdocs...')
#9 {main}
CRITICAL - 2020-10-30 10:33:26 --> count(): Parameter must be an array or an object that implements Countable
#0 C:\xampp\htdocs\tugasphp\app\Views\welcome_message.php(67): CodeIgniter\Debug\Exceptions->errorHandler(2, 'count(): Parame...', 'C:\\xampp\\htdocs...', 67, Array)
#1 C:\xampp\htdocs\tugasphp\system\View\View.php(246): include('C:\\xampp\\htdocs...')
#2 C:\xampp\htdocs\tugasphp\system\Common.php(1119): CodeIgniter\View\View->render('welcome_message', Array, true)
#3 C:\xampp\htdocs\tugasphp\app\Controllers\Home.php(8): view('welcome_message')
#4 C:\xampp\htdocs\tugasphp\system\CodeIgniter.php(918): App\Controllers\Home->index()
#5 C:\xampp\htdocs\tugasphp\system\CodeIgniter.php(404): CodeIgniter\CodeIgniter->runController(Object(App\Controllers\Home))
#6 C:\xampp\htdocs\tugasphp\system\CodeIgniter.php(312): CodeIgniter\CodeIgniter->handleRequest(NULL, Object(Config\Cache), false)
#7 C:\xampp\htdocs\tugasphp\public\index.php(45): CodeIgniter\CodeIgniter->run()
#8 C:\xampp\htdocs\tugasphp\system\Commands\Server\rewrite.php(34): require_once('C:\\xampp\\htdocs...')
#9 {main}
CRITICAL - 2020-10-30 10:43:34 --> Cannot declare property App\Controllers\UserData::$USER_IMAGE_DIR final, the final modifier is allowed only for methods and classes
#0 [internal function]: CodeIgniter\Debug\Exceptions->shutdownHandler()
#1 {main}
CRITICAL - 2020-10-30 10:43:38 --> Cannot declare property App\Controllers\UserData::$USER_IMAGE_DIR final, the final modifier is allowed only for methods and classes
#0 [internal function]: CodeIgniter\Debug\Exceptions->shutdownHandler()
#1 {main}
CRITICAL - 2020-10-30 10:43:53 --> Cannot declare property App\Controllers\UserData::$USER_IMAGE_DIR final, the final modifier is allowed only for methods and classes
#0 [internal function]: CodeIgniter\Debug\Exceptions->shutdownHandler()
#1 {main}
CRITICAL - 2020-10-30 10:43:54 --> Cannot declare property App\Controllers\UserData::$USER_IMAGE_DIR final, the final modifier is allowed only for methods and classes
#0 [internal function]: CodeIgniter\Debug\Exceptions->shutdownHandler()
#1 {main}
CRITICAL - 2020-10-30 10:44:00 --> Cannot declare property App\Controllers\UserData::$USER_IMAGE_DIR final, the final modifier is allowed only for methods and classes
#0 [internal function]: CodeIgniter\Debug\Exceptions->shutdownHandler()
#1 {main}
CRITICAL - 2020-10-30 10:47:14 --> Use of undefined constant USER_IMAGE_DIR - assumed 'USER_IMAGE_DIR' (this will throw an Error in a future version of PHP)
#0 C:\xampp\htdocs\tugasphp\app\Controllers\UserData.php(28): CodeIgniter\Debug\Exceptions->errorHandler(2, 'Use of undefine...', 'C:\\xampp\\htdocs...', 28, Array)
#1 C:\xampp\htdocs\tugasphp\system\CodeIgniter.php(918): App\Controllers\UserData->insert()
#2 C:\xampp\htdocs\tugasphp\system\CodeIgniter.php(404): CodeIgniter\CodeIgniter->runController(Object(App\Controllers\UserData))
#3 C:\xampp\htdocs\tugasphp\system\CodeIgniter.php(312): CodeIgniter\CodeIgniter->handleRequest(NULL, Object(Config\Cache), false)
#4 C:\xampp\htdocs\tugasphp\public\index.php(45): CodeIgniter\CodeIgniter->run()
#5 C:\xampp\htdocs\tugasphp\system\Commands\Server\rewrite.php(34): require_once('C:\\xampp\\htdocs...')
#6 {main}
CRITICAL - 2020-10-30 10:52:41 --> Use of undefined constant USER_IMAGE_DIR - assumed 'USER_IMAGE_DIR' (this will throw an Error in a future version of PHP)
#0 C:\xampp\htdocs\tugasphp\app\Controllers\UserData.php(31): CodeIgniter\Debug\Exceptions->errorHandler(2, 'Use of undefine...', 'C:\\xampp\\htdocs...', 31, Array)
#1 C:\xampp\htdocs\tugasphp\system\CodeIgniter.php(918): App\Controllers\UserData->insert()
#2 C:\xampp\htdocs\tugasphp\system\CodeIgniter.php(404): CodeIgniter\CodeIgniter->runController(Object(App\Controllers\UserData))
#3 C:\xampp\htdocs\tugasphp\system\CodeIgniter.php(312): CodeIgniter\CodeIgniter->handleRequest(NULL, Object(Config\Cache), false)
#4 C:\xampp\htdocs\tugasphp\public\index.php(45): CodeIgniter\CodeIgniter->run()
#5 C:\xampp\htdocs\tugasphp\system\Commands\Server\rewrite.php(34): require_once('C:\\xampp\\htdocs...')
#6 {main}
CRITICAL - 2020-10-30 11:09:09 --> Call to a member function insert() on null
#0 C:\xampp\htdocs\tugasphp\system\CodeIgniter.php(918): App\Controllers\UserData->insert()
#1 C:\xampp\htdocs\tugasphp\system\CodeIgniter.php(404): CodeIgniter\CodeIgniter->runController(Object(App\Controllers\UserData))
#2 C:\xampp\htdocs\tugasphp\system\CodeIgniter.php(312): CodeIgniter\CodeIgniter->handleRequest(NULL, Object(Config\Cache), false)
#3 C:\xampp\htdocs\tugasphp\public\index.php(45): CodeIgniter\CodeIgniter->run()
#4 C:\xampp\htdocs\tugasphp\system\Commands\Server\rewrite.php(34): require_once('C:\\xampp\\htdocs...')
#5 {main}
CRITICAL - 2020-10-30 11:10:39 --> Call to a member function insert() on null
#0 C:\xampp\htdocs\tugasphp\system\CodeIgniter.php(918): App\Controllers\UserData->insert()
#1 C:\xampp\htdocs\tugasphp\system\CodeIgniter.php(404): CodeIgniter\CodeIgniter->runController(Object(App\Controllers\UserData))
#2 C:\xampp\htdocs\tugasphp\system\CodeIgniter.php(312): CodeIgniter\CodeIgniter->handleRequest(NULL, Object(Config\Cache), false)
#3 C:\xampp\htdocs\tugasphp\public\index.php(45): CodeIgniter\CodeIgniter->run()
#4 C:\xampp\htdocs\tugasphp\system\Commands\Server\rewrite.php(34): require_once('C:\\xampp\\htdocs...')
#5 {main}
CRITICAL - 2020-10-30 11:10:41 --> Call to a member function insert() on null
#0 C:\xampp\htdocs\tugasphp\system\CodeIgniter.php(918): App\Controllers\UserData->insert()
#1 C:\xampp\htdocs\tugasphp\system\CodeIgniter.php(404): CodeIgniter\CodeIgniter->runController(Object(App\Controllers\UserData))
#2 C:\xampp\htdocs\tugasphp\system\CodeIgniter.php(312): CodeIgniter\CodeIgniter->handleRequest(NULL, Object(Config\Cache), false)
#3 C:\xampp\htdocs\tugasphp\public\index.php(45): CodeIgniter\CodeIgniter->run()
#4 C:\xampp\htdocs\tugasphp\system\Commands\Server\rewrite.php(34): require_once('C:\\xampp\\htdocs...')
#5 {main}
CRITICAL - 2020-10-30 11:12:11 --> Call to a member function insert() on null
#0 C:\xampp\htdocs\tugasphp\system\CodeIgniter.php(918): App\Controllers\UserData->insert()
#1 C:\xampp\htdocs\tugasphp\system\CodeIgniter.php(404): CodeIgniter\CodeIgniter->runController(Object(App\Controllers\UserData))
#2 C:\xampp\htdocs\tugasphp\system\CodeIgniter.php(312): CodeIgniter\CodeIgniter->handleRequest(NULL, Object(Config\Cache), false)
#3 C:\xampp\htdocs\tugasphp\public\index.php(45): CodeIgniter\CodeIgniter->run()
#4 C:\xampp\htdocs\tugasphp\system\Commands\Server\rewrite.php(34): require_once('C:\\xampp\\htdocs...')
#5 {main}
CRITICAL - 2020-10-30 11:12:53 --> Call to a member function insert() on null
#0 C:\xampp\htdocs\tugasphp\system\CodeIgniter.php(918): App\Controllers\UserData->insert()
#1 C:\xampp\htdocs\tugasphp\system\CodeIgniter.php(404): CodeIgniter\CodeIgniter->runController(Object(App\Controllers\UserData))
#2 C:\xampp\htdocs\tugasphp\system\CodeIgniter.php(312): CodeIgniter\CodeIgniter->handleRequest(NULL, Object(Config\Cache), false)
#3 C:\xampp\htdocs\tugasphp\public\index.php(45): CodeIgniter\CodeIgniter->run()
#4 C:\xampp\htdocs\tugasphp\system\Commands\Server\rewrite.php(34): require_once('C:\\xampp\\htdocs...')
#5 {main}
CRITICAL - 2020-10-30 11:13:26 --> Call to a member function insert() on null
#0 C:\xampp\htdocs\tugasphp\system\CodeIgniter.php(918): App\Controllers\UserData->insert()
#1 C:\xampp\htdocs\tugasphp\system\CodeIgniter.php(404): CodeIgniter\CodeIgniter->runController(Object(App\Controllers\UserData))
#2 C:\xampp\htdocs\tugasphp\system\CodeIgniter.php(312): CodeIgniter\CodeIgniter->handleRequest(NULL, Object(Config\Cache), false)
#3 C:\xampp\htdocs\tugasphp\public\index.php(45): CodeIgniter\CodeIgniter->run()
#4 C:\xampp\htdocs\tugasphp\system\Commands\Server\rewrite.php(34): require_once('C:\\xampp\\htdocs...')
#5 {main}
CRITICAL - 2020-10-30 11:13:27 --> Call to a member function listErrors() on null
#0 C:\xampp\htdocs\tugasphp\system\View\View.php(246): include()
#1 C:\xampp\htdocs\tugasphp\system\Common.php(1119): CodeIgniter\View\View->render('welcome_message', Array, true)
#2 C:\xampp\htdocs\tugasphp\app\Controllers\Home.php(26): view('welcome_message', Array)
#3 C:\xampp\htdocs\tugasphp\system\CodeIgniter.php(918): App\Controllers\Home->index()
#4 C:\xampp\htdocs\tugasphp\system\CodeIgniter.php(404): CodeIgniter\CodeIgniter->runController(Object(App\Controllers\Home))
#5 C:\xampp\htdocs\tugasphp\system\CodeIgniter.php(312): CodeIgniter\CodeIgniter->handleRequest(NULL, Object(Config\Cache), false)
#6 C:\xampp\htdocs\tugasphp\public\index.php(45): CodeIgniter\CodeIgniter->run()
#7 C:\xampp\htdocs\tugasphp\system\Commands\Server\rewrite.php(34): require_once('C:\\xampp\\htdocs...')
#8 {main}
CRITICAL - 2020-10-30 11:21:13 --> Call to a member function hasError() on null
#0 C:\xampp\htdocs\tugasphp\system\View\View.php(246): include()
#1 C:\xampp\htdocs\tugasphp\system\Common.php(1119): CodeIgniter\View\View->render('welcome_message', Array, true)
#2 C:\xampp\htdocs\tugasphp\app\Controllers\Home.php(26): view('welcome_message', Array)
#3 C:\xampp\htdocs\tugasphp\system\CodeIgniter.php(918): App\Controllers\Home->index()
#4 C:\xampp\htdocs\tugasphp\system\CodeIgniter.php(404): CodeIgniter\CodeIgniter->runController(Object(App\Controllers\Home))
#5 C:\xampp\htdocs\tugasphp\system\CodeIgniter.php(312): CodeIgniter\CodeIgniter->handleRequest(NULL, Object(Config\Cache), false)
#6 C:\xampp\htdocs\tugasphp\public\index.php(45): CodeIgniter\CodeIgniter->run()
#7 C:\xampp\htdocs\tugasphp\system\Commands\Server\rewrite.php(34): require_once('C:\\xampp\\htdocs...')
#8 {main}
CRITICAL - 2020-10-30 11:21:35 --> Call to a member function hasError() on null
#0 C:\xampp\htdocs\tugasphp\system\View\View.php(246): include()
#1 C:\xampp\htdocs\tugasphp\system\Common.php(1119): CodeIgniter\View\View->render('welcome_message', Array, true)
#2 C:\xampp\htdocs\tugasphp\app\Controllers\Home.php(26): view('welcome_message', Array)
#3 C:\xampp\htdocs\tugasphp\system\CodeIgniter.php(918): App\Controllers\Home->index()
#4 C:\xampp\htdocs\tugasphp\system\CodeIgniter.php(404): CodeIgniter\CodeIgniter->runController(Object(App\Controllers\Home))
#5 C:\xampp\htdocs\tugasphp\system\CodeIgniter.php(312): CodeIgniter\CodeIgniter->handleRequest(NULL, Object(Config\Cache), false)
#6 C:\xampp\htdocs\tugasphp\public\index.php(45): CodeIgniter\CodeIgniter->run()
#7 C:\xampp\htdocs\tugasphp\system\Commands\Server\rewrite.php(34): require_once('C:\\xampp\\htdocs...')
#8 {main}
CRITICAL - 2020-10-30 11:22:45 --> Call to a member function hasError() on null
#0 C:\xampp\htdocs\tugasphp\system\View\View.php(246): include()
#1 C:\xampp\htdocs\tugasphp\system\Common.php(1119): CodeIgniter\View\View->render('welcome_message', Array, true)
#2 C:\xampp\htdocs\tugasphp\app\Controllers\Home.php(27): view('welcome_message', Array)
#3 C:\xampp\htdocs\tugasphp\system\CodeIgniter.php(918): App\Controllers\Home->index()
#4 C:\xampp\htdocs\tugasphp\system\CodeIgniter.php(404): CodeIgniter\CodeIgniter->runController(Object(App\Controllers\Home))
#5 C:\xampp\htdocs\tugasphp\system\CodeIgniter.php(312): CodeIgniter\CodeIgniter->handleRequest(NULL, Object(Config\Cache), false)
#6 C:\xampp\htdocs\tugasphp\public\index.php(45): CodeIgniter\CodeIgniter->run()
#7 C:\xampp\htdocs\tugasphp\system\Commands\Server\rewrite.php(34): require_once('C:\\xampp\\htdocs...')
#8 {main}
CRITICAL - 2020-10-30 11:23:01 --> Call to a member function hasError() on null
#0 C:\xampp\htdocs\tugasphp\system\View\View.php(246): include()
#1 C:\xampp\htdocs\tugasphp\system\Common.php(1119): CodeIgniter\View\View->render('welcome_message', Array, true)
#2 C:\xampp\htdocs\tugasphp\app\Controllers\Home.php(27): view('welcome_message', Array)
#3 C:\xampp\htdocs\tugasphp\system\CodeIgniter.php(918): App\Controllers\Home->index()
#4 C:\xampp\htdocs\tugasphp\system\CodeIgniter.php(404): CodeIgniter\CodeIgniter->runController(Object(App\Controllers\Home))
#5 C:\xampp\htdocs\tugasphp\system\CodeIgniter.php(312): CodeIgniter\CodeIgniter->handleRequest(NULL, Object(Config\Cache), false)
#6 C:\xampp\htdocs\tugasphp\public\index.php(45): CodeIgniter\CodeIgniter->run()
#7 C:\xampp\htdocs\tugasphp\system\Commands\Server\rewrite.php(34): require_once('C:\\xampp\\htdocs...')
#8 {main}
CRITICAL - 2020-10-30 11:23:02 --> Call to a member function hasError() on null
#0 C:\xampp\htdocs\tugasphp\system\View\View.php(246): include()
#1 C:\xampp\htdocs\tugasphp\system\Common.php(1119): CodeIgniter\View\View->render('welcome_message', Array, true)
#2 C:\xampp\htdocs\tugasphp\app\Controllers\Home.php(27): view('welcome_message', Array)
#3 C:\xampp\htdocs\tugasphp\system\CodeIgniter.php(918): App\Controllers\Home->index()
#4 C:\xampp\htdocs\tugasphp\system\CodeIgniter.php(404): CodeIgniter\CodeIgniter->runController(Object(App\Controllers\Home))
#5 C:\xampp\htdocs\tugasphp\system\CodeIgniter.php(312): CodeIgniter\CodeIgniter->handleRequest(NULL, Object(Config\Cache), false)
#6 C:\xampp\htdocs\tugasphp\public\index.php(45): CodeIgniter\CodeIgniter->run()
#7 C:\xampp\htdocs\tugasphp\system\Commands\Server\rewrite.php(34): require_once('C:\\xampp\\htdocs...')
#8 {main}
CRITICAL - 2020-10-30 11:23:37 --> Call to a member function hasError() on null
#0 C:\xampp\htdocs\tugasphp\system\View\View.php(246): include()
#1 C:\xampp\htdocs\tugasphp\system\Common.php(1119): CodeIgniter\View\View->render('welcome_message', Array, true)
#2 C:\xampp\htdocs\tugasphp\app\Controllers\Home.php(22): view('welcome_message', Array)
#3 C:\xampp\htdocs\tugasphp\system\CodeIgniter.php(918): App\Controllers\Home->index()
#4 C:\xampp\htdocs\tugasphp\system\CodeIgniter.php(404): CodeIgniter\CodeIgniter->runController(Object(App\Controllers\Home))
#5 C:\xampp\htdocs\tugasphp\system\CodeIgniter.php(312): CodeIgniter\CodeIgniter->handleRequest(NULL, Object(Config\Cache), false)
#6 C:\xampp\htdocs\tugasphp\public\index.php(45): CodeIgniter\CodeIgniter->run()
#7 C:\xampp\htdocs\tugasphp\system\Commands\Server\rewrite.php(34): require_once('C:\\xampp\\htdocs...')
#8 {main}
CRITICAL - 2020-10-30 11:23:39 --> Call to a member function hasError() on null
#0 C:\xampp\htdocs\tugasphp\system\View\View.php(246): include()
#1 C:\xampp\htdocs\tugasphp\system\Common.php(1119): CodeIgniter\View\View->render('welcome_message', Array, true)
#2 C:\xampp\htdocs\tugasphp\app\Controllers\Home.php(22): view('welcome_message', Array)
#3 C:\xampp\htdocs\tugasphp\system\CodeIgniter.php(918): App\Controllers\Home->index()
#4 C:\xampp\htdocs\tugasphp\system\CodeIgniter.php(404): CodeIgniter\CodeIgniter->runController(Object(App\Controllers\Home))
#5 C:\xampp\htdocs\tugasphp\system\CodeIgniter.php(312): CodeIgniter\CodeIgniter->handleRequest(NULL, Object(Config\Cache), false)
#6 C:\xampp\htdocs\tugasphp\public\index.php(45): CodeIgniter\CodeIgniter->run()
#7 C:\xampp\htdocs\tugasphp\system\Commands\Server\rewrite.php(34): require_once('C:\\xampp\\htdocs...')
#8 {main}
CRITICAL - 2020-10-30 11:23:59 --> Call to a member function hasError() on null
#0 C:\xampp\htdocs\tugasphp\system\View\View.php(246): include()
#1 C:\xampp\htdocs\tugasphp\system\Common.php(1119): CodeIgniter\View\View->render('welcome_message', Array, true)
#2 C:\xampp\htdocs\tugasphp\app\Controllers\Home.php(22): view('welcome_message', Array)
#3 C:\xampp\htdocs\tugasphp\system\CodeIgniter.php(918): App\Controllers\Home->index()
#4 C:\xampp\htdocs\tugasphp\system\CodeIgniter.php(404): CodeIgniter\CodeIgniter->runController(Object(App\Controllers\Home))
#5 C:\xampp\htdocs\tugasphp\system\CodeIgniter.php(312): CodeIgniter\CodeIgniter->handleRequest(NULL, Object(Config\Cache), false)
#6 C:\xampp\htdocs\tugasphp\public\index.php(45): CodeIgniter\CodeIgniter->run()
#7 C:\xampp\htdocs\tugasphp\system\Commands\Server\rewrite.php(34): require_once('C:\\xampp\\htdocs...')
#8 {main}
CRITICAL - 2020-10-30 11:24:00 --> Call to a member function hasError() on null
#0 C:\xampp\htdocs\tugasphp\system\View\View.php(246): include()
#1 C:\xampp\htdocs\tugasphp\system\Common.php(1119): CodeIgniter\View\View->render('welcome_message', Array, true)
#2 C:\xampp\htdocs\tugasphp\app\Controllers\Home.php(22): view('welcome_message', Array)
#3 C:\xampp\htdocs\tugasphp\system\CodeIgniter.php(918): App\Controllers\Home->index()
#4 C:\xampp\htdocs\tugasphp\system\CodeIgniter.php(404): CodeIgniter\CodeIgniter->runController(Object(App\Controllers\Home))
#5 C:\xampp\htdocs\tugasphp\system\CodeIgniter.php(312): CodeIgniter\CodeIgniter->handleRequest(NULL, Object(Config\Cache), false)
#6 C:\xampp\htdocs\tugasphp\public\index.php(45): CodeIgniter\CodeIgniter->run()
#7 C:\xampp\htdocs\tugasphp\system\Commands\Server\rewrite.php(34): require_once('C:\\xampp\\htdocs...')
#8 {main}
CRITICAL - 2020-10-30 11:24:53 --> The original file is not a valid file.
#0 C:\xampp\htdocs\tugasphp\system\HTTP\Files\UploadedFile.php(172): CodeIgniter\HTTP\Exceptions\HTTPException::forInvalidFile()
#1 C:\xampp\htdocs\tugasphp\app\Controllers\UserData.php(26): CodeIgniter\HTTP\Files\UploadedFile->move('C:\\xampp\\htdocs...', '1604075093_b9ef...')
#2 C:\xampp\htdocs\tugasphp\system\CodeIgniter.php(918): App\Controllers\UserData->insert()
#3 C:\xampp\htdocs\tugasphp\system\CodeIgniter.php(404): CodeIgniter\CodeIgniter->runController(Object(App\Controllers\UserData))
#4 C:\xampp\htdocs\tugasphp\system\CodeIgniter.php(312): CodeIgniter\CodeIgniter->handleRequest(NULL, Object(Config\Cache), false)
#5 C:\xampp\htdocs\tugasphp\public\index.php(45): CodeIgniter\CodeIgniter->run()
#6 C:\xampp\htdocs\tugasphp\system\Commands\Server\rewrite.php(34): require_once('C:\\xampp\\htdocs...')
#7 {main}
CRITICAL - 2020-10-30 11:25:14 --> Call to a member function hasError() on null
#0 C:\xampp\htdocs\tugasphp\system\View\View.php(246): include()
#1 C:\xampp\htdocs\tugasphp\system\Common.php(1119): CodeIgniter\View\View->render('welcome_message', Array, true)
#2 C:\xampp\htdocs\tugasphp\app\Controllers\Home.php(22): view('welcome_message', Array)
#3 C:\xampp\htdocs\tugasphp\system\CodeIgniter.php(918): App\Controllers\Home->index()
#4 C:\xampp\htdocs\tugasphp\system\CodeIgniter.php(404): CodeIgniter\CodeIgniter->runController(Object(App\Controllers\Home))
#5 C:\xampp\htdocs\tugasphp\system\CodeIgniter.php(312): CodeIgniter\CodeIgniter->handleRequest(NULL, Object(Config\Cache), false)
#6 C:\xampp\htdocs\tugasphp\public\index.php(45): CodeIgniter\CodeIgniter->run()
#7 C:\xampp\htdocs\tugasphp\system\Commands\Server\rewrite.php(34): require_once('C:\\xampp\\htdocs...')
#8 {main}
CRITICAL - 2020-10-30 11:25:15 --> Call to a member function hasError() on null
#0 C:\xampp\htdocs\tugasphp\system\View\View.php(246): include()
#1 C:\xampp\htdocs\tugasphp\system\Common.php(1119): CodeIgniter\View\View->render('welcome_message', Array, true)
#2 C:\xampp\htdocs\tugasphp\app\Controllers\Home.php(22): view('welcome_message', Array)
#3 C:\xampp\htdocs\tugasphp\system\CodeIgniter.php(918): App\Controllers\Home->index()
#4 C:\xampp\htdocs\tugasphp\system\CodeIgniter.php(404): CodeIgniter\CodeIgniter->runController(Object(App\Controllers\Home))
#5 C:\xampp\htdocs\tugasphp\system\CodeIgniter.php(312): CodeIgniter\CodeIgniter->handleRequest(NULL, Object(Config\Cache), false)
#6 C:\xampp\htdocs\tugasphp\public\index.php(45): CodeIgniter\CodeIgniter->run()
#7 C:\xampp\htdocs\tugasphp\system\Commands\Server\rewrite.php(34): require_once('C:\\xampp\\htdocs...')
#8 {main}
CRITICAL - 2020-10-30 11:26:29 --> Call to a member function hasError() on null
#0 C:\xampp\htdocs\tugasphp\system\View\View.php(246): include()
#1 C:\xampp\htdocs\tugasphp\system\Common.php(1119): CodeIgniter\View\View->render('welcome_message', Array, true)
#2 C:\xampp\htdocs\tugasphp\app\Controllers\Home.php(22): view('welcome_message', Array)
#3 C:\xampp\htdocs\tugasphp\system\CodeIgniter.php(918): App\Controllers\Home->index()
#4 C:\xampp\htdocs\tugasphp\system\CodeIgniter.php(404): CodeIgniter\CodeIgniter->runController(Object(App\Controllers\Home))
#5 C:\xampp\htdocs\tugasphp\system\CodeIgniter.php(312): CodeIgniter\CodeIgniter->handleRequest(NULL, Object(Config\Cache), false)
#6 C:\xampp\htdocs\tugasphp\public\index.php(45): CodeIgniter\CodeIgniter->run()
#7 C:\xampp\htdocs\tugasphp\system\Commands\Server\rewrite.php(34): require_once('C:\\xampp\\htdocs...')
#8 {main}
CRITICAL - 2020-10-30 11:26:31 --> Call to a member function hasError() on null
#0 C:\xampp\htdocs\tugasphp\system\View\View.php(246): include()
#1 C:\xampp\htdocs\tugasphp\system\Common.php(1119): CodeIgniter\View\View->render('welcome_message', Array, true)
#2 C:\xampp\htdocs\tugasphp\app\Controllers\Home.php(22): view('welcome_message', Array)
#3 C:\xampp\htdocs\tugasphp\system\CodeIgniter.php(918): App\Controllers\Home->index()
#4 C:\xampp\htdocs\tugasphp\system\CodeIgniter.php(404): CodeIgniter\CodeIgniter->runController(Object(App\Controllers\Home))
#5 C:\xampp\htdocs\tugasphp\system\CodeIgniter.php(312): CodeIgniter\CodeIgniter->handleRequest(NULL, Object(Config\Cache), false)
#6 C:\xampp\htdocs\tugasphp\public\index.php(45): CodeIgniter\CodeIgniter->run()
#7 C:\xampp\htdocs\tugasphp\system\Commands\Server\rewrite.php(34): require_once('C:\\xampp\\htdocs...')
#8 {main}
CRITICAL - 2020-10-30 11:26:32 --> Call to a member function hasError() on null
#0 C:\xampp\htdocs\tugasphp\system\View\View.php(246): include()
#1 C:\xampp\htdocs\tugasphp\system\Common.php(1119): CodeIgniter\View\View->render('welcome_message', Array, true)
#2 C:\xampp\htdocs\tugasphp\app\Controllers\Home.php(22): view('welcome_message', Array)
#3 C:\xampp\htdocs\tugasphp\system\CodeIgniter.php(918): App\Controllers\Home->index()
#4 C:\xampp\htdocs\tugasphp\system\CodeIgniter.php(404): CodeIgniter\CodeIgniter->runController(Object(App\Controllers\Home))
#5 C:\xampp\htdocs\tugasphp\system\CodeIgniter.php(312): CodeIgniter\CodeIgniter->handleRequest(NULL, Object(Config\Cache), false)
#6 C:\xampp\htdocs\tugasphp\public\index.php(45): CodeIgniter\CodeIgniter->run()
#7 C:\xampp\htdocs\tugasphp\system\Commands\Server\rewrite.php(34): require_once('C:\\xampp\\htdocs...')
#8 {main}
CRITICAL - 2020-10-30 11:26:46 --> Call to a member function hasError() on null
#0 C:\xampp\htdocs\tugasphp\system\View\View.php(246): include()
#1 C:\xampp\htdocs\tugasphp\system\Common.php(1119): CodeIgniter\View\View->render('welcome_message', Array, true)
#2 C:\xampp\htdocs\tugasphp\app\Controllers\Home.php(22): view('welcome_message', Array)
#3 C:\xampp\htdocs\tugasphp\system\CodeIgniter.php(918): App\Controllers\Home->index()
#4 C:\xampp\htdocs\tugasphp\system\CodeIgniter.php(404): CodeIgniter\CodeIgniter->runController(Object(App\Controllers\Home))
#5 C:\xampp\htdocs\tugasphp\system\CodeIgniter.php(312): CodeIgniter\CodeIgniter->handleRequest(NULL, Object(Config\Cache), false)
#6 C:\xampp\htdocs\tugasphp\public\index.php(45): CodeIgniter\CodeIgniter->run()
#7 C:\xampp\htdocs\tugasphp\system\Commands\Server\rewrite.php(34): require_once('C:\\xampp\\htdocs...')
#8 {main}
CRITICAL - 2020-10-30 11:27:08 --> Call to a member function hasError() on null
#0 C:\xampp\htdocs\tugasphp\system\View\View.php(246): include()
#1 C:\xampp\htdocs\tugasphp\system\Common.php(1119): CodeIgniter\View\View->render('welcome_message', Array, true)
#2 C:\xampp\htdocs\tugasphp\app\Controllers\Home.php(24): view('welcome_message', Array)
#3 C:\xampp\htdocs\tugasphp\system\CodeIgniter.php(918): App\Controllers\Home->index()
#4 C:\xampp\htdocs\tugasphp\system\CodeIgniter.php(404): CodeIgniter\CodeIgniter->runController(Object(App\Controllers\Home))
#5 C:\xampp\htdocs\tugasphp\system\CodeIgniter.php(312): CodeIgniter\CodeIgniter->handleRequest(NULL, Object(Config\Cache), false)
#6 C:\xampp\htdocs\tugasphp\public\index.php(45): CodeIgniter\CodeIgniter->run()
#7 C:\xampp\htdocs\tugasphp\system\Commands\Server\rewrite.php(34): require_once('C:\\xampp\\htdocs...')
#8 {main}
CRITICAL - 2020-10-30 11:28:35 --> Call to a member function listErrors() on null
#0 C:\xampp\htdocs\tugasphp\system\View\View.php(246): include()
#1 C:\xampp\htdocs\tugasphp\system\Common.php(1119): CodeIgniter\View\View->render('welcome_message', Array, true)
#2 C:\xampp\htdocs\tugasphp\app\Controllers\Home.php(24): view('welcome_message', Array)
#3 C:\xampp\htdocs\tugasphp\system\CodeIgniter.php(918): App\Controllers\Home->index()
#4 C:\xampp\htdocs\tugasphp\system\CodeIgniter.php(404): CodeIgniter\CodeIgniter->runController(Object(App\Controllers\Home))
#5 C:\xampp\htdocs\tugasphp\system\CodeIgniter.php(312): CodeIgniter\CodeIgniter->handleRequest(NULL, Object(Config\Cache), false)
#6 C:\xampp\htdocs\tugasphp\public\index.php(45): CodeIgniter\CodeIgniter->run()
#7 C:\xampp\htdocs\tugasphp\system\Commands\Server\rewrite.php(34): require_once('C:\\xampp\\htdocs...')
#8 {main}
CRITICAL - 2020-10-30 11:28:36 --> Call to a member function listErrors() on null
#0 C:\xampp\htdocs\tugasphp\system\View\View.php(246): include()
#1 C:\xampp\htdocs\tugasphp\system\Common.php(1119): CodeIgniter\View\View->render('welcome_message', Array, true)
#2 C:\xampp\htdocs\tugasphp\app\Controllers\Home.php(24): view('welcome_message', Array)
#3 C:\xampp\htdocs\tugasphp\system\CodeIgniter.php(918): App\Controllers\Home->index()
#4 C:\xampp\htdocs\tugasphp\system\CodeIgniter.php(404): CodeIgniter\CodeIgniter->runController(Object(App\Controllers\Home))
#5 C:\xampp\htdocs\tugasphp\system\CodeIgniter.php(312): CodeIgniter\CodeIgniter->handleRequest(NULL, Object(Config\Cache), false)
#6 C:\xampp\htdocs\tugasphp\public\index.php(45): CodeIgniter\CodeIgniter->run()
#7 C:\xampp\htdocs\tugasphp\system\Commands\Server\rewrite.php(34): require_once('C:\\xampp\\htdocs...')
#8 {main}
CRITICAL - 2020-10-30 11:28:46 --> Call to a member function listErrors() on null
#0 C:\xampp\htdocs\tugasphp\system\View\View.php(246): include()
#1 C:\xampp\htdocs\tugasphp\system\Common.php(1119): CodeIgniter\View\View->render('welcome_message', Array, true)
#2 C:\xampp\htdocs\tugasphp\app\Controllers\Home.php(24): view('welcome_message', Array)
#3 C:\xampp\htdocs\tugasphp\system\CodeIgniter.php(918): App\Controllers\Home->index()
#4 C:\xampp\htdocs\tugasphp\system\CodeIgniter.php(404): CodeIgniter\CodeIgniter->runController(Object(App\Controllers\Home))
#5 C:\xampp\htdocs\tugasphp\system\CodeIgniter.php(312): CodeIgniter\CodeIgniter->handleRequest(NULL, Object(Config\Cache), false)
#6 C:\xampp\htdocs\tugasphp\public\index.php(45): CodeIgniter\CodeIgniter->run()
#7 C:\xampp\htdocs\tugasphp\system\Commands\Server\rewrite.php(34): require_once('C:\\xampp\\htdocs...')
#8 {main}
CRITICAL - 2020-10-30 11:28:46 --> Call to a member function listErrors() on null
#0 C:\xampp\htdocs\tugasphp\system\View\View.php(246): include()
#1 C:\xampp\htdocs\tugasphp\system\Common.php(1119): CodeIgniter\View\View->render('welcome_message', Array, true)
#2 C:\xampp\htdocs\tugasphp\app\Controllers\Home.php(24): view('welcome_message', Array)
#3 C:\xampp\htdocs\tugasphp\system\CodeIgniter.php(918): App\Controllers\Home->index()
#4 C:\xampp\htdocs\tugasphp\system\CodeIgniter.php(404): CodeIgniter\CodeIgniter->runController(Object(App\Controllers\Home))
#5 C:\xampp\htdocs\tugasphp\system\CodeIgniter.php(312): CodeIgniter\CodeIgniter->handleRequest(NULL, Object(Config\Cache), false)
#6 C:\xampp\htdocs\tugasphp\public\index.php(45): CodeIgniter\CodeIgniter->run()
#7 C:\xampp\htdocs\tugasphp\system\Commands\Server\rewrite.php(34): require_once('C:\\xampp\\htdocs...')
#8 {main}
CRITICAL - 2020-10-30 11:28:49 --> Call to a member function listErrors() on null
#0 C:\xampp\htdocs\tugasphp\system\View\View.php(246): include()
#1 C:\xampp\htdocs\tugasphp\system\Common.php(1119): CodeIgniter\View\View->render('welcome_message', Array, true)
#2 C:\xampp\htdocs\tugasphp\app\Controllers\Home.php(24): view('welcome_message', Array)
#3 C:\xampp\htdocs\tugasphp\system\CodeIgniter.php(918): App\Controllers\Home->index()
#4 C:\xampp\htdocs\tugasphp\system\CodeIgniter.php(404): CodeIgniter\CodeIgniter->runController(Object(App\Controllers\Home))
#5 C:\xampp\htdocs\tugasphp\system\CodeIgniter.php(312): CodeIgniter\CodeIgniter->handleRequest(NULL, Object(Config\Cache), false)
#6 C:\xampp\htdocs\tugasphp\public\index.php(45): CodeIgniter\CodeIgniter->run()
#7 C:\xampp\htdocs\tugasphp\system\Commands\Server\rewrite.php(34): require_once('C:\\xampp\\htdocs...')
#8 {main}
CRITICAL - 2020-10-30 11:30:43 --> Call to a member function listErrors() on null
#0 C:\xampp\htdocs\tugasphp\system\View\View.php(246): include()
#1 C:\xampp\htdocs\tugasphp\system\Common.php(1119): CodeIgniter\View\View->render('welcome_message', Array, true)
#2 C:\xampp\htdocs\tugasphp\app\Controllers\Home.php(22): view('welcome_message', Array)
#3 C:\xampp\htdocs\tugasphp\system\CodeIgniter.php(918): App\Controllers\Home->index()
#4 C:\xampp\htdocs\tugasphp\system\CodeIgniter.php(404): CodeIgniter\CodeIgniter->runController(Object(App\Controllers\Home))
#5 C:\xampp\htdocs\tugasphp\system\CodeIgniter.php(312): CodeIgniter\CodeIgniter->handleRequest(NULL, Object(Config\Cache), false)
#6 C:\xampp\htdocs\tugasphp\public\index.php(45): CodeIgniter\CodeIgniter->run()
#7 C:\xampp\htdocs\tugasphp\system\Commands\Server\rewrite.php(34): require_once('C:\\xampp\\htdocs...')
#8 {main}
CRITICAL - 2020-10-30 11:30:45 --> Call to a member function listErrors() on null
#0 C:\xampp\htdocs\tugasphp\system\View\View.php(246): include()
#1 C:\xampp\htdocs\tugasphp\system\Common.php(1119): CodeIgniter\View\View->render('welcome_message', Array, true)
#2 C:\xampp\htdocs\tugasphp\app\Controllers\Home.php(22): view('welcome_message', Array)
#3 C:\xampp\htdocs\tugasphp\system\CodeIgniter.php(918): App\Controllers\Home->index()
#4 C:\xampp\htdocs\tugasphp\system\CodeIgniter.php(404): CodeIgniter\CodeIgniter->runController(Object(App\Controllers\Home))
#5 C:\xampp\htdocs\tugasphp\system\CodeIgniter.php(312): CodeIgniter\CodeIgniter->handleRequest(NULL, Object(Config\Cache), false)
#6 C:\xampp\htdocs\tugasphp\public\index.php(45): CodeIgniter\CodeIgniter->run()
#7 C:\xampp\htdocs\tugasphp\system\Commands\Server\rewrite.php(34): require_once('C:\\xampp\\htdocs...')
#8 {main}
CRITICAL - 2020-10-30 11:31:11 --> Call to undefined method CodeIgniter\Validation\Validation::validate()
#0 C:\xampp\htdocs\tugasphp\system\CodeIgniter.php(918): App\Controllers\Home->index()
#1 C:\xampp\htdocs\tugasphp\system\CodeIgniter.php(404): CodeIgniter\CodeIgniter->runController(Object(App\Controllers\Home))
#2 C:\xampp\htdocs\tugasphp\system\CodeIgniter.php(312): CodeIgniter\CodeIgniter->handleRequest(NULL, Object(Config\Cache), false)
#3 C:\xampp\htdocs\tugasphp\public\index.php(45): CodeIgniter\CodeIgniter->run()
#4 C:\xampp\htdocs\tugasphp\system\Commands\Server\rewrite.php(34): require_once('C:\\xampp\\htdocs...')
#5 {main}
CRITICAL - 2020-10-30 11:32:16 --> Call to undefined method CodeIgniter\Validation\Validation::validate()
#0 C:\xampp\htdocs\tugasphp\system\CodeIgniter.php(918): App\Controllers\Home->index()
#1 C:\xampp\htdocs\tugasphp\system\CodeIgniter.php(404): CodeIgniter\CodeIgniter->runController(Object(App\Controllers\Home))
#2 C:\xampp\htdocs\tugasphp\system\CodeIgniter.php(312): CodeIgniter\CodeIgniter->handleRequest(NULL, Object(Config\Cache), false)
#3 C:\xampp\htdocs\tugasphp\public\index.php(45): CodeIgniter\CodeIgniter->run()
#4 C:\xampp\htdocs\tugasphp\system\Commands\Server\rewrite.php(34): require_once('C:\\xampp\\htdocs...')
#5 {main}
CRITICAL - 2020-10-30 11:32:18 --> Call to undefined method CodeIgniter\Validation\Validation::validate()
#0 C:\xampp\htdocs\tugasphp\system\CodeIgniter.php(918): App\Controllers\Home->index()
#1 C:\xampp\htdocs\tugasphp\system\CodeIgniter.php(404): CodeIgniter\CodeIgniter->runController(Object(App\Controllers\Home))
#2 C:\xampp\htdocs\tugasphp\system\CodeIgniter.php(312): CodeIgniter\CodeIgniter->handleRequest(NULL, Object(Config\Cache), false)
#3 C:\xampp\htdocs\tugasphp\public\index.php(45): CodeIgniter\CodeIgniter->run()
#4 C:\xampp\htdocs\tugasphp\system\Commands\Server\rewrite.php(34): require_once('C:\\xampp\\htdocs...')
#5 {main}
CRITICAL - 2020-10-30 11:32:35 --> Call to undefined method CodeIgniter\Validation\Validation::validate()
#0 C:\xampp\htdocs\tugasphp\system\CodeIgniter.php(918): App\Controllers\Home->index()
#1 C:\xampp\htdocs\tugasphp\system\CodeIgniter.php(404): CodeIgniter\CodeIgniter->runController(Object(App\Controllers\Home))
#2 C:\xampp\htdocs\tugasphp\system\CodeIgniter.php(312): CodeIgniter\CodeIgniter->handleRequest(NULL, Object(Config\Cache), false)
#3 C:\xampp\htdocs\tugasphp\public\index.php(45): CodeIgniter\CodeIgniter->run()
#4 C:\xampp\htdocs\tugasphp\system\Commands\Server\rewrite.php(34): require_once('C:\\xampp\\htdocs...')
#5 {main}
CRITICAL - 2020-10-30 11:32:44 --> Call to undefined method CodeIgniter\Validation\Validation::validate()
#0 C:\xampp\htdocs\tugasphp\system\CodeIgniter.php(918): App\Controllers\Home->index()
#1 C:\xampp\htdocs\tugasphp\system\CodeIgniter.php(404): CodeIgniter\CodeIgniter->runController(Object(App\Controllers\Home))
#2 C:\xampp\htdocs\tugasphp\system\CodeIgniter.php(312): CodeIgniter\CodeIgniter->handleRequest(NULL, Object(Config\Cache), false)
#3 C:\xampp\htdocs\tugasphp\public\index.php(45): CodeIgniter\CodeIgniter->run()
#4 C:\xampp\htdocs\tugasphp\system\Commands\Server\rewrite.php(34): require_once('C:\\xampp\\htdocs...')
#5 {main}
CRITICAL - 2020-10-30 11:35:23 --> Call to undefined method CodeIgniter\Validation\Validation::validate()
#0 C:\xampp\htdocs\tugasphp\system\CodeIgniter.php(918): App\Controllers\Home->index()
#1 C:\xampp\htdocs\tugasphp\system\CodeIgniter.php(404): CodeIgniter\CodeIgniter->runController(Object(App\Controllers\Home))
#2 C:\xampp\htdocs\tugasphp\system\CodeIgniter.php(312): CodeIgniter\CodeIgniter->handleRequest(NULL, Object(Config\Cache), false)
#3 C:\xampp\htdocs\tugasphp\public\index.php(45): CodeIgniter\CodeIgniter->run()
#4 C:\xampp\htdocs\tugasphp\system\Commands\Server\rewrite.php(34): require_once('C:\\xampp\\htdocs...')
#5 {main}
CRITICAL - 2020-10-30 11:35:25 --> Call to undefined method CodeIgniter\Validation\Validation::validate()
#0 C:\xampp\htdocs\tugasphp\system\CodeIgniter.php(918): App\Controllers\Home->index()
#1 C:\xampp\htdocs\tugasphp\system\CodeIgniter.php(404): CodeIgniter\CodeIgniter->runController(Object(App\Controllers\Home))
#2 C:\xampp\htdocs\tugasphp\system\CodeIgniter.php(312): CodeIgniter\CodeIgniter->handleRequest(NULL, Object(Config\Cache), false)
#3 C:\xampp\htdocs\tugasphp\public\index.php(45): CodeIgniter\CodeIgniter->run()
#4 C:\xampp\htdocs\tugasphp\system\Commands\Server\rewrite.php(34): require_once('C:\\xampp\\htdocs...')
#5 {main}
CRITICAL - 2020-10-30 11:35:53 --> Call to undefined method CodeIgniter\Validation\Validation::validate()
#0 C:\xampp\htdocs\tugasphp\system\CodeIgniter.php(918): App\Controllers\Home->index()
#1 C:\xampp\htdocs\tugasphp\system\CodeIgniter.php(404): CodeIgniter\CodeIgniter->runController(Object(App\Controllers\Home))
#2 C:\xampp\htdocs\tugasphp\system\CodeIgniter.php(312): CodeIgniter\CodeIgniter->handleRequest(NULL, Object(Config\Cache), false)
#3 C:\xampp\htdocs\tugasphp\public\index.php(45): CodeIgniter\CodeIgniter->run()
#4 C:\xampp\htdocs\tugasphp\system\Commands\Server\rewrite.php(34): require_once('C:\\xampp\\htdocs...')
#5 {main}
CRITICAL - 2020-10-30 11:35:56 --> Call to undefined method CodeIgniter\Validation\Validation::validate()
#0 C:\xampp\htdocs\tugasphp\system\CodeIgniter.php(918): App\Controllers\Home->index()
#1 C:\xampp\htdocs\tugasphp\system\CodeIgniter.php(404): CodeIgniter\CodeIgniter->runController(Object(App\Controllers\Home))
#2 C:\xampp\htdocs\tugasphp\system\CodeIgniter.php(312): CodeIgniter\CodeIgniter->handleRequest(NULL, Object(Config\Cache), false)
#3 C:\xampp\htdocs\tugasphp\public\index.php(45): CodeIgniter\CodeIgniter->run()
#4 C:\xampp\htdocs\tugasphp\system\Commands\Server\rewrite.php(34): require_once('C:\\xampp\\htdocs...')
#5 {main}
CRITICAL - 2020-10-30 11:37:10 --> Call to undefined method CodeIgniter\Validation\Validation::validate()
#0 C:\xampp\htdocs\tugasphp\system\CodeIgniter.php(918): App\Controllers\Home->index()
#1 C:\xampp\htdocs\tugasphp\system\CodeIgniter.php(404): CodeIgniter\CodeIgniter->runController(Object(App\Controllers\Home))
#2 C:\xampp\htdocs\tugasphp\system\CodeIgniter.php(312): CodeIgniter\CodeIgniter->handleRequest(NULL, Object(Config\Cache), false)
#3 C:\xampp\htdocs\tugasphp\public\index.php(45): CodeIgniter\CodeIgniter->run()
#4 C:\xampp\htdocs\tugasphp\system\Commands\Server\rewrite.php(34): require_once('C:\\xampp\\htdocs...')
#5 {main}
CRITICAL - 2020-10-30 11:37:21 --> Call to undefined method CodeIgniter\Validation\Validation::validate()
#0 C:\xampp\htdocs\tugasphp\system\CodeIgniter.php(918): App\Controllers\Home->index()
#1 C:\xampp\htdocs\tugasphp\system\CodeIgniter.php(404): CodeIgniter\CodeIgniter->runController(Object(App\Controllers\Home))
#2 C:\xampp\htdocs\tugasphp\system\CodeIgniter.php(312): CodeIgniter\CodeIgniter->handleRequest(NULL, Object(Config\Cache), false)
#3 C:\xampp\htdocs\tugasphp\public\index.php(45): CodeIgniter\CodeIgniter->run()
#4 C:\xampp\htdocs\tugasphp\system\Commands\Server\rewrite.php(34): require_once('C:\\xampp\\htdocs...')
#5 {main}
CRITICAL - 2020-10-30 11:38:23 --> Call to a member function listErrors() on null
#0 C:\xampp\htdocs\tugasphp\system\View\View.php(246): include()
#1 C:\xampp\htdocs\tugasphp\system\Common.php(1119): CodeIgniter\View\View->render('welcome_message', Array, true)
#2 C:\xampp\htdocs\tugasphp\app\Controllers\Home.php(13): view('welcome_message')
#3 C:\xampp\htdocs\tugasphp\system\CodeIgniter.php(918): App\Controllers\Home->index()
#4 C:\xampp\htdocs\tugasphp\system\CodeIgniter.php(404): CodeIgniter\CodeIgniter->runController(Object(App\Controllers\Home))
#5 C:\xampp\htdocs\tugasphp\system\CodeIgniter.php(312): CodeIgniter\CodeIgniter->handleRequest(NULL, Object(Config\Cache), false)
#6 C:\xampp\htdocs\tugasphp\public\index.php(45): CodeIgniter\CodeIgniter->run()
#7 C:\xampp\htdocs\tugasphp\system\Commands\Server\rewrite.php(34): require_once('C:\\xampp\\htdocs...')
#8 {main}
CRITICAL - 2020-10-30 11:38:25 --> Call to a member function listErrors() on null
#0 C:\xampp\htdocs\tugasphp\system\View\View.php(246): include()
#1 C:\xampp\htdocs\tugasphp\system\Common.php(1119): CodeIgniter\View\View->render('welcome_message', Array, true)
#2 C:\xampp\htdocs\tugasphp\app\Controllers\Home.php(13): view('welcome_message')
#3 C:\xampp\htdocs\tugasphp\system\CodeIgniter.php(918): App\Controllers\Home->index()
#4 C:\xampp\htdocs\tugasphp\system\CodeIgniter.php(404): CodeIgniter\CodeIgniter->runController(Object(App\Controllers\Home))
#5 C:\xampp\htdocs\tugasphp\system\CodeIgniter.php(312): CodeIgniter\CodeIgniter->handleRequest(NULL, Object(Config\Cache), false)
#6 C:\xampp\htdocs\tugasphp\public\index.php(45): CodeIgniter\CodeIgniter->run()
#7 C:\xampp\htdocs\tugasphp\system\Commands\Server\rewrite.php(34): require_once('C:\\xampp\\htdocs...')
#8 {main}
CRITICAL - 2020-10-30 11:50:44 --> Call to a member function listErrors() on null
#0 C:\xampp\htdocs\tugasphp\system\View\View.php(246): include()
#1 C:\xampp\htdocs\tugasphp\system\Common.php(1119): CodeIgniter\View\View->render('welcome_message', Array, true)
#2 C:\xampp\htdocs\tugasphp\app\Controllers\Home.php(6): view('welcome_message')
#3 C:\xampp\htdocs\tugasphp\system\CodeIgniter.php(918): App\Controllers\Home->index()
#4 C:\xampp\htdocs\tugasphp\system\CodeIgniter.php(404): CodeIgniter\CodeIgniter->runController(Object(App\Controllers\Home))
#5 C:\xampp\htdocs\tugasphp\system\CodeIgniter.php(312): CodeIgniter\CodeIgniter->handleRequest(NULL, Object(Config\Cache), false)
#6 C:\xampp\htdocs\tugasphp\public\index.php(45): CodeIgniter\CodeIgniter->run()
#7 C:\xampp\htdocs\tugasphp\system\Commands\Server\rewrite.php(34): require_once('C:\\xampp\\htdocs...')
#8 {main}
CRITICAL - 2020-10-30 11:50:46 --> Call to a member function listErrors() on null
#0 C:\xampp\htdocs\tugasphp\system\View\View.php(246): include()
#1 C:\xampp\htdocs\tugasphp\system\Common.php(1119): CodeIgniter\View\View->render('welcome_message', Array, true)
#2 C:\xampp\htdocs\tugasphp\app\Controllers\Home.php(6): view('welcome_message')
#3 C:\xampp\htdocs\tugasphp\system\CodeIgniter.php(918): App\Controllers\Home->index()
#4 C:\xampp\htdocs\tugasphp\system\CodeIgniter.php(404): CodeIgniter\CodeIgniter->runController(Object(App\Controllers\Home))
#5 C:\xampp\htdocs\tugasphp\system\CodeIgniter.php(312): CodeIgniter\CodeIgniter->handleRequest(NULL, Object(Config\Cache), false)
#6 C:\xampp\htdocs\tugasphp\public\index.php(45): CodeIgniter\CodeIgniter->run()
#7 C:\xampp\htdocs\tugasphp\system\Commands\Server\rewrite.php(34): require_once('C:\\xampp\\htdocs...')
#8 {main}
CRITICAL - 2020-10-30 11:51:06 --> Call to a member function listErrors() on null
#0 C:\xampp\htdocs\tugasphp\system\View\View.php(246): include()
#1 C:\xampp\htdocs\tugasphp\system\Common.php(1119): CodeIgniter\View\View->render('welcome_message', Array, true)
#2 C:\xampp\htdocs\tugasphp\app\Controllers\Home.php(10): view('welcome_message', Array)
#3 C:\xampp\htdocs\tugasphp\system\CodeIgniter.php(918): App\Controllers\Home->index()
#4 C:\xampp\htdocs\tugasphp\system\CodeIgniter.php(404): CodeIgniter\CodeIgniter->runController(Object(App\Controllers\Home))
#5 C:\xampp\htdocs\tugasphp\system\CodeIgniter.php(312): CodeIgniter\CodeIgniter->handleRequest(NULL, Object(Config\Cache), false)
#6 C:\xampp\htdocs\tugasphp\public\index.php(45): CodeIgniter\CodeIgniter->run()
#7 C:\xampp\htdocs\tugasphp\system\Commands\Server\rewrite.php(34): require_once('C:\\xampp\\htdocs...')
#8 {main}
CRITICAL - 2020-10-30 11:51:08 --> Call to a member function listErrors() on null
#0 C:\xampp\htdocs\tugasphp\system\View\View.php(246): include()
#1 C:\xampp\htdocs\tugasphp\system\Common.php(1119): CodeIgniter\View\View->render('welcome_message', Array, true)
#2 C:\xampp\htdocs\tugasphp\app\Controllers\Home.php(10): view('welcome_message', Array)
#3 C:\xampp\htdocs\tugasphp\system\CodeIgniter.php(918): App\Controllers\Home->index()
#4 C:\xampp\htdocs\tugasphp\system\CodeIgniter.php(404): CodeIgniter\CodeIgniter->runController(Object(App\Controllers\Home))
#5 C:\xampp\htdocs\tugasphp\system\CodeIgniter.php(312): CodeIgniter\CodeIgniter->handleRequest(NULL, Object(Config\Cache), false)
#6 C:\xampp\htdocs\tugasphp\public\index.php(45): CodeIgniter\CodeIgniter->run()
#7 C:\xampp\htdocs\tugasphp\system\Commands\Server\rewrite.php(34): require_once('C:\\xampp\\htdocs...')
#8 {main}
CRITICAL - 2020-10-30 11:51:20 --> Call to a member function listErrors() on null
#0 C:\xampp\htdocs\tugasphp\system\View\View.php(246): include()
#1 C:\xampp\htdocs\tugasphp\system\Common.php(1119): CodeIgniter\View\View->render('welcome_message', Array, true)
#2 C:\xampp\htdocs\tugasphp\app\Controllers\Home.php(10): view('welcome_message', Array)
#3 C:\xampp\htdocs\tugasphp\system\CodeIgniter.php(918): App\Controllers\Home->index()
#4 C:\xampp\htdocs\tugasphp\system\CodeIgniter.php(404): CodeIgniter\CodeIgniter->runController(Object(App\Controllers\Home))
#5 C:\xampp\htdocs\tugasphp\system\CodeIgniter.php(312): CodeIgniter\CodeIgniter->handleRequest(NULL, Object(Config\Cache), false)
#6 C:\xampp\htdocs\tugasphp\public\index.php(45): CodeIgniter\CodeIgniter->run()
#7 C:\xampp\htdocs\tugasphp\system\Commands\Server\rewrite.php(34): require_once('C:\\xampp\\htdocs...')
#8 {main}
CRITICAL - 2020-10-30 11:51:21 --> Call to a member function listErrors() on null
#0 C:\xampp\htdocs\tugasphp\system\View\View.php(246): include()
#1 C:\xampp\htdocs\tugasphp\system\Common.php(1119): CodeIgniter\View\View->render('welcome_message', Array, true)
#2 C:\xampp\htdocs\tugasphp\app\Controllers\Home.php(10): view('welcome_message', Array)
#3 C:\xampp\htdocs\tugasphp\system\CodeIgniter.php(918): App\Controllers\Home->index()
#4 C:\xampp\htdocs\tugasphp\system\CodeIgniter.php(404): CodeIgniter\CodeIgniter->runController(Object(App\Controllers\Home))
#5 C:\xampp\htdocs\tugasphp\system\CodeIgniter.php(312): CodeIgniter\CodeIgniter->handleRequest(NULL, Object(Config\Cache), false)
#6 C:\xampp\htdocs\tugasphp\public\index.php(45): CodeIgniter\CodeIgniter->run()
#7 C:\xampp\htdocs\tugasphp\system\Commands\Server\rewrite.php(34): require_once('C:\\xampp\\htdocs...')
#8 {main}
CRITICAL - 2020-10-30 11:52:07 --> Call to a member function listErrors() on null
#0 C:\xampp\htdocs\tugasphp\system\View\View.php(246): include()
#1 C:\xampp\htdocs\tugasphp\system\Common.php(1119): CodeIgniter\View\View->render('welcome_message', Array, true)
#2 C:\xampp\htdocs\tugasphp\app\Controllers\Home.php(10): view('welcome_message', Array)
#3 C:\xampp\htdocs\tugasphp\system\CodeIgniter.php(918): App\Controllers\Home->index()
#4 C:\xampp\htdocs\tugasphp\system\CodeIgniter.php(404): CodeIgniter\CodeIgniter->runController(Object(App\Controllers\Home))
#5 C:\xampp\htdocs\tugasphp\system\CodeIgniter.php(312): CodeIgniter\CodeIgniter->handleRequest(NULL, Object(Config\Cache), false)
#6 C:\xampp\htdocs\tugasphp\public\index.php(45): CodeIgniter\CodeIgniter->run()
#7 C:\xampp\htdocs\tugasphp\system\Commands\Server\rewrite.php(34): require_once('C:\\xampp\\htdocs...')
#8 {main}
CRITICAL - 2020-10-30 11:52:08 --> Call to a member function listErrors() on null
#0 C:\xampp\htdocs\tugasphp\system\View\View.php(246): include()
#1 C:\xampp\htdocs\tugasphp\system\Common.php(1119): CodeIgniter\View\View->render('welcome_message', Array, true)
#2 C:\xampp\htdocs\tugasphp\app\Controllers\Home.php(10): view('welcome_message', Array)
#3 C:\xampp\htdocs\tugasphp\system\CodeIgniter.php(918): App\Controllers\Home->index()
#4 C:\xampp\htdocs\tugasphp\system\CodeIgniter.php(404): CodeIgniter\CodeIgniter->runController(Object(App\Controllers\Home))
#5 C:\xampp\htdocs\tugasphp\system\CodeIgniter.php(312): CodeIgniter\CodeIgniter->handleRequest(NULL, Object(Config\Cache), false)
#6 C:\xampp\htdocs\tugasphp\public\index.php(45): CodeIgniter\CodeIgniter->run()
#7 C:\xampp\htdocs\tugasphp\system\Commands\Server\rewrite.php(34): require_once('C:\\xampp\\htdocs...')
#8 {main}
CRITICAL - 2020-10-30 11:52:44 --> Call to a member function listErrors() on null
#0 C:\xampp\htdocs\tugasphp\system\View\View.php(246): include()
#1 C:\xampp\htdocs\tugasphp\system\Common.php(1119): CodeIgniter\View\View->render('welcome_message', Array, true)
#2 C:\xampp\htdocs\tugasphp\app\Controllers\Home.php(10): view('welcome_message', Array)
#3 C:\xampp\htdocs\tugasphp\system\CodeIgniter.php(918): App\Controllers\Home->index()
#4 C:\xampp\htdocs\tugasphp\system\CodeIgniter.php(404): CodeIgniter\CodeIgniter->runController(Object(App\Controllers\Home))
#5 C:\xampp\htdocs\tugasphp\system\CodeIgniter.php(312): CodeIgniter\CodeIgniter->handleRequest(NULL, Object(Config\Cache), false)
#6 C:\xampp\htdocs\tugasphp\public\index.php(45): CodeIgniter\CodeIgniter->run()
#7 C:\xampp\htdocs\tugasphp\system\Commands\Server\rewrite.php(34): require_once('C:\\xampp\\htdocs...')
#8 {main}
CRITICAL - 2020-10-30 11:52:52 --> Argument 2 passed to view() must be of the type array, null given, called in C:\xampp\htdocs\tugasphp\app\Controllers\Home.php on line 6
#0 C:\xampp\htdocs\tugasphp\app\Controllers\Home.php(6): view('welcome_message', NULL)
#1 C:\xampp\htdocs\tugasphp\system\CodeIgniter.php(918): App\Controllers\Home->index()
#2 C:\xampp\htdocs\tugasphp\system\CodeIgniter.php(404): CodeIgniter\CodeIgniter->runController(Object(App\Controllers\Home))
#3 C:\xampp\htdocs\tugasphp\system\CodeIgniter.php(312): CodeIgniter\CodeIgniter->handleRequest(NULL, Object(Config\Cache), false)
#4 C:\xampp\htdocs\tugasphp\public\index.php(45): CodeIgniter\CodeIgniter->run()
#5 C:\xampp\htdocs\tugasphp\system\Commands\Server\rewrite.php(34): require_once('C:\\xampp\\htdocs...')
#6 {main}
CRITICAL - 2020-10-30 11:52:58 --> Argument 2 passed to view() must be of the type array, null given, called in C:\xampp\htdocs\tugasphp\app\Controllers\Home.php on line 6
#0 C:\xampp\htdocs\tugasphp\app\Controllers\Home.php(6): view('welcome_message', NULL)
#1 C:\xampp\htdocs\tugasphp\system\CodeIgniter.php(918): App\Controllers\Home->index()
#2 C:\xampp\htdocs\tugasphp\system\CodeIgniter.php(404): CodeIgniter\CodeIgniter->runController(Object(App\Controllers\Home))
#3 C:\xampp\htdocs\tugasphp\system\CodeIgniter.php(312): CodeIgniter\CodeIgniter->handleRequest(NULL, Object(Config\Cache), false)
#4 C:\xampp\htdocs\tugasphp\public\index.php(45): CodeIgniter\CodeIgniter->run()
#5 C:\xampp\htdocs\tugasphp\system\Commands\Server\rewrite.php(34): require_once('C:\\xampp\\htdocs...')
#6 {main}
CRITICAL - 2020-10-30 11:52:58 --> Argument 2 passed to view() must be of the type array, null given, called in C:\xampp\htdocs\tugasphp\app\Controllers\Home.php on line 6
#0 C:\xampp\htdocs\tugasphp\app\Controllers\Home.php(6): view('welcome_message', NULL)
#1 C:\xampp\htdocs\tugasphp\system\CodeIgniter.php(918): App\Controllers\Home->index()
#2 C:\xampp\htdocs\tugasphp\system\CodeIgniter.php(404): CodeIgniter\CodeIgniter->runController(Object(App\Controllers\Home))
#3 C:\xampp\htdocs\tugasphp\system\CodeIgniter.php(312): CodeIgniter\CodeIgniter->handleRequest(NULL, Object(Config\Cache), false)
#4 C:\xampp\htdocs\tugasphp\public\index.php(45): CodeIgniter\CodeIgniter->run()
#5 C:\xampp\htdocs\tugasphp\system\Commands\Server\rewrite.php(34): require_once('C:\\xampp\\htdocs...')
#6 {main}
CRITICAL - 2020-10-30 11:52:58 --> Argument 2 passed to view() must be of the type array, null given, called in C:\xampp\htdocs\tugasphp\app\Controllers\Home.php on line 6
#0 C:\xampp\htdocs\tugasphp\app\Controllers\Home.php(6): view('welcome_message', NULL)
#1 C:\xampp\htdocs\tugasphp\system\CodeIgniter.php(918): App\Controllers\Home->index()
#2 C:\xampp\htdocs\tugasphp\system\CodeIgniter.php(404): CodeIgniter\CodeIgniter->runController(Object(App\Controllers\Home))
#3 C:\xampp\htdocs\tugasphp\system\CodeIgniter.php(312): CodeIgniter\CodeIgniter->handleRequest(NULL, Object(Config\Cache), false)
#4 C:\xampp\htdocs\tugasphp\public\index.php(45): CodeIgniter\CodeIgniter->run()
#5 C:\xampp\htdocs\tugasphp\system\Commands\Server\rewrite.php(34): require_once('C:\\xampp\\htdocs...')
#6 {main}
CRITICAL - 2020-10-30 11:52:59 --> Argument 2 passed to view() must be of the type array, null given, called in C:\xampp\htdocs\tugasphp\app\Controllers\Home.php on line 6
#0 C:\xampp\htdocs\tugasphp\app\Controllers\Home.php(6): view('welcome_message', NULL)
#1 C:\xampp\htdocs\tugasphp\system\CodeIgniter.php(918): App\Controllers\Home->index()
#2 C:\xampp\htdocs\tugasphp\system\CodeIgniter.php(404): CodeIgniter\CodeIgniter->runController(Object(App\Controllers\Home))
#3 C:\xampp\htdocs\tugasphp\system\CodeIgniter.php(312): CodeIgniter\CodeIgniter->handleRequest(NULL, Object(Config\Cache), false)
#4 C:\xampp\htdocs\tugasphp\public\index.php(45): CodeIgniter\CodeIgniter->run()
#5 C:\xampp\htdocs\tugasphp\system\Commands\Server\rewrite.php(34): require_once('C:\\xampp\\htdocs...')
#6 {main}
CRITICAL - 2020-10-30 11:53:50 --> Argument 2 passed to view() must be of the type array, null given, called in C:\xampp\htdocs\tugasphp\app\Controllers\Home.php on line 6
#0 C:\xampp\htdocs\tugasphp\app\Controllers\Home.php(6): view('welcome_message', NULL)
#1 C:\xampp\htdocs\tugasphp\system\CodeIgniter.php(918): App\Controllers\Home->index()
#2 C:\xampp\htdocs\tugasphp\system\CodeIgniter.php(404): CodeIgniter\CodeIgniter->runController(Object(App\Controllers\Home))
#3 C:\xampp\htdocs\tugasphp\system\CodeIgniter.php(312): CodeIgniter\CodeIgniter->handleRequest(NULL, Object(Config\Cache), false)
#4 C:\xampp\htdocs\tugasphp\public\index.php(45): CodeIgniter\CodeIgniter->run()
#5 C:\xampp\htdocs\tugasphp\system\Commands\Server\rewrite.php(34): require_once('C:\\xampp\\htdocs...')
#6 {main}
CRITICAL - 2020-10-30 11:58:59 --> Call to a member function listErrors() on null
#0 C:\xampp\htdocs\tugasphp\system\View\View.php(246): include()
#1 C:\xampp\htdocs\tugasphp\system\Common.php(1119): CodeIgniter\View\View->render('welcome_message', Array, true)
#2 C:\xampp\htdocs\tugasphp\app\Controllers\Home.php(6): view('welcome_message')
#3 C:\xampp\htdocs\tugasphp\system\CodeIgniter.php(918): App\Controllers\Home->index()
#4 C:\xampp\htdocs\tugasphp\system\CodeIgniter.php(404): CodeIgniter\CodeIgniter->runController(Object(App\Controllers\Home))
#5 C:\xampp\htdocs\tugasphp\system\CodeIgniter.php(312): CodeIgniter\CodeIgniter->handleRequest(NULL, Object(Config\Cache), false)
#6 C:\xampp\htdocs\tugasphp\public\index.php(45): CodeIgniter\CodeIgniter->run()
#7 C:\xampp\htdocs\tugasphp\system\Commands\Server\rewrite.php(34): require_once('C:\\xampp\\htdocs...')
#8 {main}
CRITICAL - 2020-10-30 12:04:48 --> Call to a member function listErrors() on null
#0 C:\xampp\htdocs\tugasphp\system\View\View.php(246): include()
#1 C:\xampp\htdocs\tugasphp\system\Common.php(1119): CodeIgniter\View\View->render('welcome_message', Array, true)
#2 C:\xampp\htdocs\tugasphp\app\Controllers\Home.php(6): view('welcome_message')
#3 C:\xampp\htdocs\tugasphp\system\CodeIgniter.php(918): App\Controllers\Home->index()
#4 C:\xampp\htdocs\tugasphp\system\CodeIgniter.php(404): CodeIgniter\CodeIgniter->runController(Object(App\Controllers\Home))
#5 C:\xampp\htdocs\tugasphp\system\CodeIgniter.php(312): CodeIgniter\CodeIgniter->handleRequest(NULL, Object(Config\Cache), false)
#6 C:\xampp\htdocs\tugasphp\public\index.php(45): CodeIgniter\CodeIgniter->run()
#7 C:\xampp\htdocs\tugasphp\system\Commands\Server\rewrite.php(34): require_once('C:\\xampp\\htdocs...')
#8 {main}
CRITICAL - 2020-10-30 12:05:17 --> Call to a member function listErrors() on null
#0 C:\xampp\htdocs\tugasphp\system\View\View.php(246): include()
#1 C:\xampp\htdocs\tugasphp\system\Common.php(1119): CodeIgniter\View\View->render('welcome_message', Array, true)
#2 C:\xampp\htdocs\tugasphp\app\Controllers\Home.php(10): view('welcome_message')
#3 C:\xampp\htdocs\tugasphp\system\CodeIgniter.php(918): App\Controllers\Home->index()
#4 C:\xampp\htdocs\tugasphp\system\CodeIgniter.php(404): CodeIgniter\CodeIgniter->runController(Object(App\Controllers\Home))
#5 C:\xampp\htdocs\tugasphp\system\CodeIgniter.php(312): CodeIgniter\CodeIgniter->handleRequest(NULL, Object(Config\Cache), false)
#6 C:\xampp\htdocs\tugasphp\public\index.php(45): CodeIgniter\CodeIgniter->run()
#7 C:\xampp\htdocs\tugasphp\system\Commands\Server\rewrite.php(34): require_once('C:\\xampp\\htdocs...')
#8 {main}
CRITICAL - 2020-10-30 12:05:18 --> Call to a member function listErrors() on null
#0 C:\xampp\htdocs\tugasphp\system\View\View.php(246): include()
#1 C:\xampp\htdocs\tugasphp\system\Common.php(1119): CodeIgniter\View\View->render('welcome_message', Array, true)
#2 C:\xampp\htdocs\tugasphp\app\Controllers\Home.php(10): view('welcome_message')
#3 C:\xampp\htdocs\tugasphp\system\CodeIgniter.php(918): App\Controllers\Home->index()
#4 C:\xampp\htdocs\tugasphp\system\CodeIgniter.php(404): CodeIgniter\CodeIgniter->runController(Object(App\Controllers\Home))
#5 C:\xampp\htdocs\tugasphp\system\CodeIgniter.php(312): CodeIgniter\CodeIgniter->handleRequest(NULL, Object(Config\Cache), false)
#6 C:\xampp\htdocs\tugasphp\public\index.php(45): CodeIgniter\CodeIgniter->run()
#7 C:\xampp\htdocs\tugasphp\system\Commands\Server\rewrite.php(34): require_once('C:\\xampp\\htdocs...')
#8 {main}
CRITICAL - 2020-10-30 12:06:15 --> Call to a member function listErrors() on null
#0 C:\xampp\htdocs\tugasphp\system\View\View.php(246): include()
#1 C:\xampp\htdocs\tugasphp\system\Common.php(1119): CodeIgniter\View\View->render('welcome_message', Array, true)
#2 C:\xampp\htdocs\tugasphp\app\Controllers\Home.php(10): view('welcome_message', Array)
#3 C:\xampp\htdocs\tugasphp\system\CodeIgniter.php(918): App\Controllers\Home->index()
#4 C:\xampp\htdocs\tugasphp\system\CodeIgniter.php(404): CodeIgniter\CodeIgniter->runController(Object(App\Controllers\Home))
#5 C:\xampp\htdocs\tugasphp\system\CodeIgniter.php(312): CodeIgniter\CodeIgniter->handleRequest(NULL, Object(Config\Cache), false)
#6 C:\xampp\htdocs\tugasphp\public\index.php(45): CodeIgniter\CodeIgniter->run()
#7 C:\xampp\htdocs\tugasphp\system\Commands\Server\rewrite.php(34): require_once('C:\\xampp\\htdocs...')
#8 {main}
CRITICAL - 2020-10-30 12:58:24 --> Call to a member function getTempName() on null
#0 C:\xampp\htdocs\tugasphp\system\CodeIgniter.php(918): App\Controllers\Home->index()
#1 C:\xampp\htdocs\tugasphp\system\CodeIgniter.php(404): CodeIgniter\CodeIgniter->runController(Object(App\Controllers\Home))
#2 C:\xampp\htdocs\tugasphp\system\CodeIgniter.php(312): CodeIgniter\CodeIgniter->handleRequest(NULL, Object(Config\Cache), false)
#3 C:\xampp\htdocs\tugasphp\public\index.php(45): CodeIgniter\CodeIgniter->run()
#4 C:\xampp\htdocs\tugasphp\system\Commands\Server\rewrite.php(34): require_once('C:\\xampp\\htdocs...')
#5 {main}
CRITICAL - 2020-10-30 12:58:47 --> Call to a member function getTempName() on null
#0 C:\xampp\htdocs\tugasphp\system\CodeIgniter.php(918): App\Controllers\Home->index()
#1 C:\xampp\htdocs\tugasphp\system\CodeIgniter.php(404): CodeIgniter\CodeIgniter->runController(Object(App\Controllers\Home))
#2 C:\xampp\htdocs\tugasphp\system\CodeIgniter.php(312): CodeIgniter\CodeIgniter->handleRequest(NULL, Object(Config\Cache), false)
#3 C:\xampp\htdocs\tugasphp\public\index.php(45): CodeIgniter\CodeIgniter->run()
#4 C:\xampp\htdocs\tugasphp\system\Commands\Server\rewrite.php(34): require_once('C:\\xampp\\htdocs...')
#5 {main}
CRITICAL - 2020-10-30 12:58:50 --> Call to a member function getTempName() on null
#0 C:\xampp\htdocs\tugasphp\system\CodeIgniter.php(918): App\Controllers\Home->index()
#1 C:\xampp\htdocs\tugasphp\system\CodeIgniter.php(404): CodeIgniter\CodeIgniter->runController(Object(App\Controllers\Home))
#2 C:\xampp\htdocs\tugasphp\system\CodeIgniter.php(312): CodeIgniter\CodeIgniter->handleRequest(NULL, Object(Config\Cache), false)
#3 C:\xampp\htdocs\tugasphp\public\index.php(45): CodeIgniter\CodeIgniter->run()
#4 C:\xampp\htdocs\tugasphp\system\Commands\Server\rewrite.php(34): require_once('C:\\xampp\\htdocs...')
#5 {main}
CRITICAL - 2020-10-30 12:59:24 --> Call to a member function getName() on null
#0 C:\xampp\htdocs\tugasphp\system\CodeIgniter.php(918): App\Controllers\Home->index()
#1 C:\xampp\htdocs\tugasphp\system\CodeIgniter.php(404): CodeIgniter\CodeIgniter->runController(Object(App\Controllers\Home))
#2 C:\xampp\htdocs\tugasphp\system\CodeIgniter.php(312): CodeIgniter\CodeIgniter->handleRequest(NULL, Object(Config\Cache), false)
#3 C:\xampp\htdocs\tugasphp\public\index.php(45): CodeIgniter\CodeIgniter->run()
#4 C:\xampp\htdocs\tugasphp\system\Commands\Server\rewrite.php(34): require_once('C:\\xampp\\htdocs...')
#5 {main}
CRITICAL - 2020-10-30 12:59:29 --> Call to a member function getName() on null
#0 C:\xampp\htdocs\tugasphp\system\CodeIgniter.php(918): App\Controllers\Home->index()
#1 C:\xampp\htdocs\tugasphp\system\CodeIgniter.php(404): CodeIgniter\CodeIgniter->runController(Object(App\Controllers\Home))
#2 C:\xampp\htdocs\tugasphp\system\CodeIgniter.php(312): CodeIgniter\CodeIgniter->handleRequest(NULL, Object(Config\Cache), false)
#3 C:\xampp\htdocs\tugasphp\public\index.php(45): CodeIgniter\CodeIgniter->run()
#4 C:\xampp\htdocs\tugasphp\system\Commands\Server\rewrite.php(34): require_once('C:\\xampp\\htdocs...')
#5 {main}
CRITICAL - 2020-10-30 13:00:47 --> Call to a member function getName() on null
#0 C:\xampp\htdocs\tugasphp\system\CodeIgniter.php(918): App\Controllers\Home->index()
#1 C:\xampp\htdocs\tugasphp\system\CodeIgniter.php(404): CodeIgniter\CodeIgniter->runController(Object(App\Controllers\Home))
#2 C:\xampp\htdocs\tugasphp\system\CodeIgniter.php(312): CodeIgniter\CodeIgniter->handleRequest(NULL, Object(Config\Cache), false)
#3 C:\xampp\htdocs\tugasphp\public\index.php(45): CodeIgniter\CodeIgniter->run()
#4 C:\xampp\htdocs\tugasphp\system\Commands\Server\rewrite.php(34): require_once('C:\\xampp\\htdocs...')
#5 {main}
CRITICAL - 2020-10-30 13:01:03 --> Call to a member function getName() on null
#0 C:\xampp\htdocs\tugasphp\system\CodeIgniter.php(918): App\Controllers\Home->index()
#1 C:\xampp\htdocs\tugasphp\system\CodeIgniter.php(404): CodeIgniter\CodeIgniter->runController(Object(App\Controllers\Home))
#2 C:\xampp\htdocs\tugasphp\system\CodeIgniter.php(312): CodeIgniter\CodeIgniter->handleRequest(NULL, Object(Config\Cache), false)
#3 C:\xampp\htdocs\tugasphp\public\index.php(45): CodeIgniter\CodeIgniter->run()
#4 C:\xampp\htdocs\tugasphp\system\Commands\Server\rewrite.php(34): require_once('C:\\xampp\\htdocs...')
#5 {main}
CRITICAL - 2020-10-30 13:05:09 --> Call to a member function getTempName() on null
#0 C:\xampp\htdocs\tugasphp\system\CodeIgniter.php(918): App\Controllers\Home->index()
#1 C:\xampp\htdocs\tugasphp\system\CodeIgniter.php(404): CodeIgniter\CodeIgniter->runController(Object(App\Controllers\Home))
#2 C:\xampp\htdocs\tugasphp\system\CodeIgniter.php(312): CodeIgniter\CodeIgniter->handleRequest(NULL, Object(Config\Cache), false)
#3 C:\xampp\htdocs\tugasphp\public\index.php(45): CodeIgniter\CodeIgniter->run()
#4 C:\xampp\htdocs\tugasphp\system\Commands\Server\rewrite.php(34): require_once('C:\\xampp\\htdocs...')
#5 {main}
CRITICAL - 2020-10-30 13:05:12 --> Call to a member function getTempName() on null
#0 C:\xampp\htdocs\tugasphp\system\CodeIgniter.php(918): App\Controllers\Home->index()
#1 C:\xampp\htdocs\tugasphp\system\CodeIgniter.php(404): CodeIgniter\CodeIgniter->runController(Object(App\Controllers\Home))
#2 C:\xampp\htdocs\tugasphp\system\CodeIgniter.php(312): CodeIgniter\CodeIgniter->handleRequest(NULL, Object(Config\Cache), false)
#3 C:\xampp\htdocs\tugasphp\public\index.php(45): CodeIgniter\CodeIgniter->run()
#4 C:\xampp\htdocs\tugasphp\system\Commands\Server\rewrite.php(34): require_once('C:\\xampp\\htdocs...')
#5 {main}
CRITICAL - 2020-10-30 13:05:26 --> Call to a member function getName() on null
#0 C:\xampp\htdocs\tugasphp\system\CodeIgniter.php(918): App\Controllers\Home->index()
#1 C:\xampp\htdocs\tugasphp\system\CodeIgniter.php(404): CodeIgniter\CodeIgniter->runController(Object(App\Controllers\Home))
#2 C:\xampp\htdocs\tugasphp\system\CodeIgniter.php(312): CodeIgniter\CodeIgniter->handleRequest(NULL, Object(Config\Cache), false)
#3 C:\xampp\htdocs\tugasphp\public\index.php(45): CodeIgniter\CodeIgniter->run()
#4 C:\xampp\htdocs\tugasphp\system\Commands\Server\rewrite.php(34): require_once('C:\\xampp\\htdocs...')
#5 {main}
CRITICAL - 2020-10-30 13:06:08 --> Call to a member function getName() on null
#0 C:\xampp\htdocs\tugasphp\system\CodeIgniter.php(918): App\Controllers\Home->index()
#1 C:\xampp\htdocs\tugasphp\system\CodeIgniter.php(404): CodeIgniter\CodeIgniter->runController(Object(App\Controllers\Home))
#2 C:\xampp\htdocs\tugasphp\system\CodeIgniter.php(312): CodeIgniter\CodeIgniter->handleRequest(NULL, Object(Config\Cache), false)
#3 C:\xampp\htdocs\tugasphp\public\index.php(45): CodeIgniter\CodeIgniter->run()
#4 C:\xampp\htdocs\tugasphp\system\Commands\Server\rewrite.php(34): require_once('C:\\xampp\\htdocs...')
#5 {main}
CRITICAL - 2020-10-30 13:06:10 --> Call to a member function getName() on null
#0 C:\xampp\htdocs\tugasphp\system\CodeIgniter.php(918): App\Controllers\Home->index()
#1 C:\xampp\htdocs\tugasphp\system\CodeIgniter.php(404): CodeIgniter\CodeIgniter->runController(Object(App\Controllers\Home))
#2 C:\xampp\htdocs\tugasphp\system\CodeIgniter.php(312): CodeIgniter\CodeIgniter->handleRequest(NULL, Object(Config\Cache), false)
#3 C:\xampp\htdocs\tugasphp\public\index.php(45): CodeIgniter\CodeIgniter->run()
#4 C:\xampp\htdocs\tugasphp\system\Commands\Server\rewrite.php(34): require_once('C:\\xampp\\htdocs...')
#5 {main}
CRITICAL - 2020-10-30 13:23:47 --> Call to a member function insert() on null
#0 C:\xampp\htdocs\tugasphp\system\CodeIgniter.php(918): App\Controllers\Home->index()
#1 C:\xampp\htdocs\tugasphp\system\CodeIgniter.php(404): CodeIgniter\CodeIgniter->runController(Object(App\Controllers\Home))
#2 C:\xampp\htdocs\tugasphp\system\CodeIgniter.php(312): CodeIgniter\CodeIgniter->handleRequest(NULL, Object(Config\Cache), false)
#3 C:\xampp\htdocs\tugasphp\public\index.php(45): CodeIgniter\CodeIgniter->run()
#4 C:\xampp\htdocs\tugasphp\system\Commands\Server\rewrite.php(34): require_once('C:\\xampp\\htdocs...')
#5 {main}
CRITICAL - 2020-10-30 13:30:18 --> Call to a member function getRandomName() on null
#0 C:\xampp\htdocs\tugasphp\system\CodeIgniter.php(918): App\Controllers\Home->index()
#1 C:\xampp\htdocs\tugasphp\system\CodeIgniter.php(404): CodeIgniter\CodeIgniter->runController(Object(App\Controllers\Home))
#2 C:\xampp\htdocs\tugasphp\system\CodeIgniter.php(312): CodeIgniter\CodeIgniter->handleRequest(NULL, Object(Config\Cache), false)
#3 C:\xampp\htdocs\tugasphp\public\index.php(45): CodeIgniter\CodeIgniter->run()
#4 C:\xampp\htdocs\tugasphp\system\Commands\Server\rewrite.php(34): require_once('C:\\xampp\\htdocs...')
#5 {main}
CRITICAL - 2020-10-30 13:30:39 --> Call to a member function getRandomName() on null
#0 C:\xampp\htdocs\tugasphp\system\CodeIgniter.php(918): App\Controllers\Home->index()
#1 C:\xampp\htdocs\tugasphp\system\CodeIgniter.php(404): CodeIgniter\CodeIgniter->runController(Object(App\Controllers\Home))
#2 C:\xampp\htdocs\tugasphp\system\CodeIgniter.php(312): CodeIgniter\CodeIgniter->handleRequest(NULL, Object(Config\Cache), false)
#3 C:\xampp\htdocs\tugasphp\public\index.php(45): CodeIgniter\CodeIgniter->run()
#4 C:\xampp\htdocs\tugasphp\system\Commands\Server\rewrite.php(34): require_once('C:\\xampp\\htdocs...')
#5 {main}
CRITICAL - 2020-10-30 13:30:51 --> Call to a member function getRandomName() on null
#0 C:\xampp\htdocs\tugasphp\system\CodeIgniter.php(918): App\Controllers\Home->index()
#1 C:\xampp\htdocs\tugasphp\system\CodeIgniter.php(404): CodeIgniter\CodeIgniter->runController(Object(App\Controllers\Home))
#2 C:\xampp\htdocs\tugasphp\system\CodeIgniter.php(312): CodeIgniter\CodeIgniter->handleRequest(NULL, Object(Config\Cache), false)
#3 C:\xampp\htdocs\tugasphp\public\index.php(45): CodeIgniter\CodeIgniter->run()
#4 C:\xampp\htdocs\tugasphp\system\Commands\Server\rewrite.php(34): require_once('C:\\xampp\\htdocs...')
#5 {main}
CRITICAL - 2020-10-30 13:30:52 --> Call to a member function getRandomName() on null
#0 C:\xampp\htdocs\tugasphp\system\CodeIgniter.php(918): App\Controllers\Home->index()
#1 C:\xampp\htdocs\tugasphp\system\CodeIgniter.php(404): CodeIgniter\CodeIgniter->runController(Object(App\Controllers\Home))
#2 C:\xampp\htdocs\tugasphp\system\CodeIgniter.php(312): CodeIgniter\CodeIgniter->handleRequest(NULL, Object(Config\Cache), false)
#3 C:\xampp\htdocs\tugasphp\public\index.php(45): CodeIgniter\CodeIgniter->run()
#4 C:\xampp\htdocs\tugasphp\system\Commands\Server\rewrite.php(34): require_once('C:\\xampp\\htdocs...')
#5 {main}
CRITICAL - 2020-10-30 13:31:18 --> Call to a member function getRandomName() on null
#0 C:\xampp\htdocs\tugasphp\system\CodeIgniter.php(918): App\Controllers\Home->index()
#1 C:\xampp\htdocs\tugasphp\system\CodeIgniter.php(404): CodeIgniter\CodeIgniter->runController(Object(App\Controllers\Home))
#2 C:\xampp\htdocs\tugasphp\system\CodeIgniter.php(312): CodeIgniter\CodeIgniter->handleRequest(NULL, Object(Config\Cache), false)
#3 C:\xampp\htdocs\tugasphp\public\index.php(45): CodeIgniter\CodeIgniter->run()
#4 C:\xampp\htdocs\tugasphp\system\Commands\Server\rewrite.php(34): require_once('C:\\xampp\\htdocs...')
#5 {main}
CRITICAL - 2020-10-30 13:31:27 --> Call to a member function getRandomName() on null
#0 C:\xampp\htdocs\tugasphp\system\CodeIgniter.php(918): App\Controllers\Home->index()
#1 C:\xampp\htdocs\tugasphp\system\CodeIgniter.php(404): CodeIgniter\CodeIgniter->runController(Object(App\Controllers\Home))
#2 C:\xampp\htdocs\tugasphp\system\CodeIgniter.php(312): CodeIgniter\CodeIgniter->handleRequest(NULL, Object(Config\Cache), false)
#3 C:\xampp\htdocs\tugasphp\public\index.php(45): CodeIgniter\CodeIgniter->run()
#4 C:\xampp\htdocs\tugasphp\system\Commands\Server\rewrite.php(34): require_once('C:\\xampp\\htdocs...')
#5 {main}
